20180801 09:52:25.266 [restartedMain] INFO  jhmk.clinic.cms.ApplicationCms - Starting ApplicationCms on DESKTOP-ARC2DAD with PID 8384 (C:\jhmkProgram\cloudclinic\clinic-cms\target\classes started by 11075 in C:\jhmkProgram\cloudclinic)
20180801 09:52:25.275 [restartedMain] DEBUG jhmk.clinic.cms.ApplicationCms - Running with Spring Boot v1.5.4.RELEASE, Spring v4.3.9.RELEASE
20180801 09:52:25.275 [restartedMain] INFO  jhmk.clinic.cms.ApplicationCms - No active profile set, falling back to default profiles: default
20180801 09:52:25.374 [restartedMain] INFO  org.springframework.boot.context.embedded.AnnotationConfigEmbeddedWebApplicationContext - Refreshing org.springframework.boot.context.embedded.AnnotationConfigEmbeddedWebApplicationContext@3b901237: startup date [Wed Aug 01 09:52:25 CST 2018]; root of context hierarchy
20180801 09:52:25.491 [background-preinit] INFO  org.hibernate.validator.internal.util.Version - HV000001: Hibernate Validator 5.3.5.Final
20180801 09:52:29.440 [restartedMain] INFO  org.springframework.boot.context.embedded.tomcat.TomcatEmbeddedServletContainer - Tomcat initialized with port(s): 7088 (http)
20180801 09:52:29.454 [restartedMain] INFO  org.apache.catalina.core.StandardService - Starting service [Tomcat]
20180801 09:52:29.455 [restartedMain] INFO  org.apache.catalina.core.StandardEngine - Starting Servlet Engine: Apache Tomcat/8.5.15
20180801 09:52:29.575 [localhost-startStop-1] INFO  org.apache.catalina.core.ContainerBase.[Tomcat].[localhost].[/] - Initializing Spring embedded WebApplicationContext
20180801 09:52:29.576 [localhost-startStop-1] INFO  org.springframework.web.context.ContextLoader - Root WebApplicationContext: initialization completed in 4202 ms
20180801 09:52:29.797 [localhost-startStop-1] INFO  org.springframework.boot.web.servlet.ServletRegistrationBean - Mapping servlet: 'dispatcherServlet' to [/]
20180801 09:52:29.803 [localhost-startStop-1] INFO  org.springframework.boot.web.servlet.FilterRegistrationBean - Mapping filter: 'characterEncodingFilter' to: [/*]
20180801 09:52:29.804 [localhost-startStop-1] INFO  org.springframework.boot.web.servlet.FilterRegistrationBean - Mapping filter: 'hiddenHttpMethodFilter' to: [/*]
20180801 09:52:29.804 [localhost-startStop-1] INFO  org.springframework.boot.web.servlet.FilterRegistrationBean - Mapping filter: 'httpPutFormContentFilter' to: [/*]
20180801 09:52:29.804 [localhost-startStop-1] INFO  org.springframework.boot.web.servlet.FilterRegistrationBean - Mapping filter: 'requestContextFilter' to: [/*]
20180801 09:52:32.236 [restartedMain] INFO  org.springframework.orm.jpa.LocalContainerEntityManagerFactoryBean - Building JPA container EntityManagerFactory for persistence unit 'default'
20180801 09:52:32.249 [restartedMain] INFO  org.hibernate.jpa.internal.util.LogHelper - HHH000204: Processing PersistenceUnitInfo [
	name: default
	...]
20180801 09:52:32.333 [restartedMain] INFO  org.hibernate.Version - HHH000412: Hibernate Core {5.0.12.Final}
20180801 09:52:32.336 [restartedMain] INFO  org.hibernate.cfg.Environment - HHH000206: hibernate.properties not found
20180801 09:52:32.338 [restartedMain] INFO  org.hibernate.cfg.Environment - HHH000021: Bytecode provider name : javassist
20180801 09:52:32.419 [restartedMain] INFO  org.hibernate.annotations.common.Version - HCANN000001: Hibernate Commons Annotations {5.0.1.Final}
20180801 09:52:32.615 [restartedMain] INFO  org.hibernate.dialect.Dialect - HHH000400: Using dialect: org.hibernate.dialect.MySQL5Dialect
20180801 09:52:33.612 [restartedMain] INFO  org.hibernate.tool.hbm2ddl.SchemaUpdate - HHH000228: Running hbm2ddl schema update
20180801 09:52:37.064 [restartedMain] INFO  org.springframework.orm.jpa.LocalContainerEntityManagerFactoryBean - Initialized JPA EntityManagerFactory for persistence unit 'default'
20180801 09:52:37.422 [restartedMain] INFO  org.hibernate.hql.internal.QueryTranslatorFactoryInitiator - HHH000397: Using ASTQueryTranslatorFactory
20180801 09:52:38.157 [restartedMain] INFO  org.mongodb.driver.cluster - Cluster created with settings {hosts=[192.168.8.22:20000], mode=SINGLE, requiredClusterType=UNKNOWN, serverSelectionTimeout='30000 ms', maxWaitQueueSize=1000}
20180801 09:52:38.295 [cluster-ClusterId{value='5b6112666a386220c0847d41', description='null'}-192.168.8.22:20000] INFO  org.mongodb.driver.connection - Opened connection [connectionId{localValue:1}] to 192.168.8.22:20000
20180801 09:52:38.304 [cluster-ClusterId{value='5b6112666a386220c0847d41', description='null'}-192.168.8.22:20000] INFO  org.mongodb.driver.cluster - Monitor thread successfully connected to server with description ServerDescription{address=192.168.8.22:20000, type=SHARD_ROUTER, state=CONNECTED, ok=true, version=ServerVersion{versionList=[3, 4, 6]}, minWireVersion=0, maxWireVersion=5, maxDocumentSize=16777216, roundTripTimeNanos=6285217}
20180801 09:52:38.493 [restartedMain] INFO  org.mongodb.driver.connection - Opened connection [connectionId{localValue:2}] to 192.168.8.22:20000
20180801 09:53:46.373 [restartedMain] INFO  jhmk.clinic.cms.ApplicationCms - Starting ApplicationCms on DESKTOP-ARC2DAD with PID 13104 (C:\jhmkProgram\cloudclinic\clinic-cms\target\classes started by 11075 in C:\jhmkProgram\cloudclinic)
20180801 09:53:46.375 [restartedMain] DEBUG jhmk.clinic.cms.ApplicationCms - Running with Spring Boot v1.5.4.RELEASE, Spring v4.3.9.RELEASE
20180801 09:53:46.376 [restartedMain] INFO  jhmk.clinic.cms.ApplicationCms - No active profile set, falling back to default profiles: default
20180801 09:53:46.495 [restartedMain] INFO  org.springframework.boot.context.embedded.AnnotationConfigEmbeddedWebApplicationContext - Refreshing org.springframework.boot.context.embedded.AnnotationConfigEmbeddedWebApplicationContext@1f06e44: startup date [Wed Aug 01 09:53:46 CST 2018]; root of context hierarchy
20180801 09:53:46.655 [background-preinit] INFO  org.hibernate.validator.internal.util.Version - HV000001: Hibernate Validator 5.3.5.Final
20180801 09:53:49.933 [restartedMain] INFO  org.springframework.boot.context.embedded.tomcat.TomcatEmbeddedServletContainer - Tomcat initialized with port(s): 7088 (http)
20180801 09:53:49.945 [restartedMain] INFO  org.apache.catalina.core.StandardService - Starting service [Tomcat]
20180801 09:53:49.946 [restartedMain] INFO  org.apache.catalina.core.StandardEngine - Starting Servlet Engine: Apache Tomcat/8.5.15
20180801 09:53:50.075 [localhost-startStop-1] INFO  org.apache.catalina.core.ContainerBase.[Tomcat].[localhost].[/] - Initializing Spring embedded WebApplicationContext
20180801 09:53:50.075 [localhost-startStop-1] INFO  org.springframework.web.context.ContextLoader - Root WebApplicationContext: initialization completed in 3581 ms
20180801 09:53:50.314 [localhost-startStop-1] INFO  org.springframework.boot.web.servlet.ServletRegistrationBean - Mapping servlet: 'dispatcherServlet' to [/]
20180801 09:53:50.322 [localhost-startStop-1] INFO  org.springframework.boot.web.servlet.FilterRegistrationBean - Mapping filter: 'characterEncodingFilter' to: [/*]
20180801 09:53:50.323 [localhost-startStop-1] INFO  org.springframework.boot.web.servlet.FilterRegistrationBean - Mapping filter: 'hiddenHttpMethodFilter' to: [/*]
20180801 09:53:50.323 [localhost-startStop-1] INFO  org.springframework.boot.web.servlet.FilterRegistrationBean - Mapping filter: 'httpPutFormContentFilter' to: [/*]
20180801 09:53:50.323 [localhost-startStop-1] INFO  org.springframework.boot.web.servlet.FilterRegistrationBean - Mapping filter: 'requestContextFilter' to: [/*]
20180801 09:53:52.711 [restartedMain] INFO  org.springframework.orm.jpa.LocalContainerEntityManagerFactoryBean - Building JPA container EntityManagerFactory for persistence unit 'default'
20180801 09:53:52.723 [restartedMain] INFO  org.hibernate.jpa.internal.util.LogHelper - HHH000204: Processing PersistenceUnitInfo [
	name: default
	...]
20180801 09:53:52.801 [restartedMain] INFO  org.hibernate.Version - HHH000412: Hibernate Core {5.0.12.Final}
20180801 09:53:52.804 [restartedMain] INFO  org.hibernate.cfg.Environment - HHH000206: hibernate.properties not found
20180801 09:53:52.805 [restartedMain] INFO  org.hibernate.cfg.Environment - HHH000021: Bytecode provider name : javassist
20180801 09:53:52.863 [restartedMain] INFO  org.hibernate.annotations.common.Version - HCANN000001: Hibernate Commons Annotations {5.0.1.Final}
20180801 09:53:53.029 [restartedMain] INFO  org.hibernate.dialect.Dialect - HHH000400: Using dialect: org.hibernate.dialect.MySQL5Dialect
20180801 09:53:53.797 [restartedMain] INFO  org.hibernate.tool.hbm2ddl.SchemaUpdate - HHH000228: Running hbm2ddl schema update
20180801 09:53:57.710 [restartedMain] INFO  org.springframework.orm.jpa.LocalContainerEntityManagerFactoryBean - Initialized JPA EntityManagerFactory for persistence unit 'default'
20180801 09:53:58.271 [restartedMain] INFO  org.hibernate.hql.internal.QueryTranslatorFactoryInitiator - HHH000397: Using ASTQueryTranslatorFactory
20180801 09:53:58.826 [restartedMain] INFO  org.mongodb.driver.cluster - Cluster created with settings {hosts=[192.168.8.22:20000], mode=SINGLE, requiredClusterType=UNKNOWN, serverSelectionTimeout='30000 ms', maxWaitQueueSize=1000}
20180801 09:53:58.950 [cluster-ClusterId{value='5b6112b66a38623330a01551', description='null'}-192.168.8.22:20000] INFO  org.mongodb.driver.connection - Opened connection [connectionId{localValue:1}] to 192.168.8.22:20000
20180801 09:53:58.959 [cluster-ClusterId{value='5b6112b66a38623330a01551', description='null'}-192.168.8.22:20000] INFO  org.mongodb.driver.cluster - Monitor thread successfully connected to server with description ServerDescription{address=192.168.8.22:20000, type=SHARD_ROUTER, state=CONNECTED, ok=true, version=ServerVersion{versionList=[3, 4, 6]}, minWireVersion=0, maxWireVersion=5, maxDocumentSize=16777216, roundTripTimeNanos=6737937}
20180801 09:53:59.073 [restartedMain] INFO  org.mongodb.driver.connection - Opened connection [connectionId{localValue:2}] to 192.168.8.22:20000
20180801 09:57:26.336 [restartedMain] INFO  jhmk.clinic.cms.ApplicationCms - Starting ApplicationCms on DESKTOP-ARC2DAD with PID 14328 (C:\jhmkProgram\cloudclinic\clinic-cms\target\classes started by 11075 in C:\jhmkProgram\cloudclinic)
20180801 09:57:26.338 [restartedMain] DEBUG jhmk.clinic.cms.ApplicationCms - Running with Spring Boot v1.5.4.RELEASE, Spring v4.3.9.RELEASE
20180801 09:57:26.339 [restartedMain] INFO  jhmk.clinic.cms.ApplicationCms - No active profile set, falling back to default profiles: default
20180801 09:57:26.415 [restartedMain] INFO  org.springframework.boot.context.embedded.AnnotationConfigEmbeddedWebApplicationContext - Refreshing org.springframework.boot.context.embedded.AnnotationConfigEmbeddedWebApplicationContext@2eebbb8f: startup date [Wed Aug 01 09:57:26 CST 2018]; root of context hierarchy
20180801 09:57:26.538 [background-preinit] INFO  org.hibernate.validator.internal.util.Version - HV000001: Hibernate Validator 5.3.5.Final
20180801 09:57:29.566 [restartedMain] INFO  org.springframework.boot.context.embedded.tomcat.TomcatEmbeddedServletContainer - Tomcat initialized with port(s): 7088 (http)
20180801 09:57:29.578 [restartedMain] INFO  org.apache.catalina.core.StandardService - Starting service [Tomcat]
20180801 09:57:29.578 [restartedMain] INFO  org.apache.catalina.core.StandardEngine - Starting Servlet Engine: Apache Tomcat/8.5.15
20180801 09:57:29.804 [localhost-startStop-1] INFO  org.apache.catalina.core.ContainerBase.[Tomcat].[localhost].[/] - Initializing Spring embedded WebApplicationContext
20180801 09:57:29.805 [localhost-startStop-1] INFO  org.springframework.web.context.ContextLoader - Root WebApplicationContext: initialization completed in 3390 ms
20180801 09:57:30.172 [localhost-startStop-1] INFO  org.springframework.boot.web.servlet.ServletRegistrationBean - Mapping servlet: 'dispatcherServlet' to [/]
20180801 09:57:30.178 [localhost-startStop-1] INFO  org.springframework.boot.web.servlet.FilterRegistrationBean - Mapping filter: 'characterEncodingFilter' to: [/*]
20180801 09:57:30.179 [localhost-startStop-1] INFO  org.springframework.boot.web.servlet.FilterRegistrationBean - Mapping filter: 'hiddenHttpMethodFilter' to: [/*]
20180801 09:57:30.179 [localhost-startStop-1] INFO  org.springframework.boot.web.servlet.FilterRegistrationBean - Mapping filter: 'httpPutFormContentFilter' to: [/*]
20180801 09:57:30.179 [localhost-startStop-1] INFO  org.springframework.boot.web.servlet.FilterRegistrationBean - Mapping filter: 'requestContextFilter' to: [/*]
20180801 09:57:32.881 [restartedMain] INFO  org.springframework.orm.jpa.LocalContainerEntityManagerFactoryBean - Building JPA container EntityManagerFactory for persistence unit 'default'
20180801 09:57:32.894 [restartedMain] INFO  org.hibernate.jpa.internal.util.LogHelper - HHH000204: Processing PersistenceUnitInfo [
	name: default
	...]
20180801 09:57:32.973 [restartedMain] INFO  org.hibernate.Version - HHH000412: Hibernate Core {5.0.12.Final}
20180801 09:57:32.976 [restartedMain] INFO  org.hibernate.cfg.Environment - HHH000206: hibernate.properties not found
20180801 09:57:32.978 [restartedMain] INFO  org.hibernate.cfg.Environment - HHH000021: Bytecode provider name : javassist
20180801 09:57:33.033 [restartedMain] INFO  org.hibernate.annotations.common.Version - HCANN000001: Hibernate Commons Annotations {5.0.1.Final}
20180801 09:57:33.208 [restartedMain] INFO  org.hibernate.dialect.Dialect - HHH000400: Using dialect: org.hibernate.dialect.MySQL5Dialect
20180801 09:57:33.930 [restartedMain] INFO  org.hibernate.tool.hbm2ddl.SchemaUpdate - HHH000228: Running hbm2ddl schema update
20180801 09:57:39.023 [restartedMain] INFO  org.springframework.orm.jpa.LocalContainerEntityManagerFactoryBean - Initialized JPA EntityManagerFactory for persistence unit 'default'
20180801 09:57:39.378 [restartedMain] INFO  org.hibernate.hql.internal.QueryTranslatorFactoryInitiator - HHH000397: Using ASTQueryTranslatorFactory
20180801 09:57:39.915 [restartedMain] INFO  org.mongodb.driver.cluster - Cluster created with settings {hosts=[192.168.8.22:20000], mode=SINGLE, requiredClusterType=UNKNOWN, serverSelectionTimeout='30000 ms', maxWaitQueueSize=1000}
20180801 09:57:40.052 [cluster-ClusterId{value='5b6113936a386237f8d542c7', description='null'}-192.168.8.22:20000] INFO  org.mongodb.driver.connection - Opened connection [connectionId{localValue:1}] to 192.168.8.22:20000
20180801 09:57:40.062 [cluster-ClusterId{value='5b6113936a386237f8d542c7', description='null'}-192.168.8.22:20000] INFO  org.mongodb.driver.cluster - Monitor thread successfully connected to server with description ServerDescription{address=192.168.8.22:20000, type=SHARD_ROUTER, state=CONNECTED, ok=true, version=ServerVersion{versionList=[3, 4, 6]}, minWireVersion=0, maxWireVersion=5, maxDocumentSize=16777216, roundTripTimeNanos=8853523}
20180801 09:57:40.173 [restartedMain] INFO  org.mongodb.driver.connection - Opened connection [connectionId{localValue:2}] to 192.168.8.22:20000
20180801 10:00:13.876 [restartedMain] INFO  jhmk.clinic.cms.ApplicationCms - Starting ApplicationCms on DESKTOP-ARC2DAD with PID 11472 (C:\jhmkProgram\cloudclinic\clinic-cms\target\classes started by 11075 in C:\jhmkProgram\cloudclinic)
20180801 10:00:13.879 [restartedMain] DEBUG jhmk.clinic.cms.ApplicationCms - Running with Spring Boot v1.5.4.RELEASE, Spring v4.3.9.RELEASE
20180801 10:00:13.879 [restartedMain] INFO  jhmk.clinic.cms.ApplicationCms - No active profile set, falling back to default profiles: default
20180801 10:00:13.976 [restartedMain] INFO  org.springframework.boot.context.embedded.AnnotationConfigEmbeddedWebApplicationContext - Refreshing org.springframework.boot.context.embedded.AnnotationConfigEmbeddedWebApplicationContext@1014e7b6: startup date [Wed Aug 01 10:00:13 CST 2018]; root of context hierarchy
20180801 10:00:14.090 [background-preinit] INFO  org.hibernate.validator.internal.util.Version - HV000001: Hibernate Validator 5.3.5.Final
20180801 10:00:17.094 [restartedMain] INFO  org.springframework.boot.context.embedded.tomcat.TomcatEmbeddedServletContainer - Tomcat initialized with port(s): 7088 (http)
20180801 10:00:17.107 [restartedMain] INFO  org.apache.catalina.core.StandardService - Starting service [Tomcat]
20180801 10:00:17.109 [restartedMain] INFO  org.apache.catalina.core.StandardEngine - Starting Servlet Engine: Apache Tomcat/8.5.15
20180801 10:00:17.236 [localhost-startStop-1] INFO  org.apache.catalina.core.ContainerBase.[Tomcat].[localhost].[/] - Initializing Spring embedded WebApplicationContext
20180801 10:00:17.237 [localhost-startStop-1] INFO  org.springframework.web.context.ContextLoader - Root WebApplicationContext: initialization completed in 3261 ms
20180801 10:00:17.467 [localhost-startStop-1] INFO  org.springframework.boot.web.servlet.ServletRegistrationBean - Mapping servlet: 'dispatcherServlet' to [/]
20180801 10:00:17.475 [localhost-startStop-1] INFO  org.springframework.boot.web.servlet.FilterRegistrationBean - Mapping filter: 'characterEncodingFilter' to: [/*]
20180801 10:00:17.475 [localhost-startStop-1] INFO  org.springframework.boot.web.servlet.FilterRegistrationBean - Mapping filter: 'hiddenHttpMethodFilter' to: [/*]
20180801 10:00:17.476 [localhost-startStop-1] INFO  org.springframework.boot.web.servlet.FilterRegistrationBean - Mapping filter: 'httpPutFormContentFilter' to: [/*]
20180801 10:00:17.476 [localhost-startStop-1] INFO  org.springframework.boot.web.servlet.FilterRegistrationBean - Mapping filter: 'requestContextFilter' to: [/*]
20180801 10:00:19.857 [restartedMain] INFO  org.springframework.orm.jpa.LocalContainerEntityManagerFactoryBean - Building JPA container EntityManagerFactory for persistence unit 'default'
20180801 10:00:19.869 [restartedMain] INFO  org.hibernate.jpa.internal.util.LogHelper - HHH000204: Processing PersistenceUnitInfo [
	name: default
	...]
20180801 10:00:19.954 [restartedMain] INFO  org.hibernate.Version - HHH000412: Hibernate Core {5.0.12.Final}
20180801 10:00:19.957 [restartedMain] INFO  org.hibernate.cfg.Environment - HHH000206: hibernate.properties not found
20180801 10:00:19.959 [restartedMain] INFO  org.hibernate.cfg.Environment - HHH000021: Bytecode provider name : javassist
20180801 10:00:20.015 [restartedMain] INFO  org.hibernate.annotations.common.Version - HCANN000001: Hibernate Commons Annotations {5.0.1.Final}
20180801 10:00:20.186 [restartedMain] INFO  org.hibernate.dialect.Dialect - HHH000400: Using dialect: org.hibernate.dialect.MySQL5Dialect
20180801 10:00:20.940 [restartedMain] INFO  org.hibernate.tool.hbm2ddl.SchemaUpdate - HHH000228: Running hbm2ddl schema update
20180801 10:00:24.519 [restartedMain] INFO  org.springframework.orm.jpa.LocalContainerEntityManagerFactoryBean - Initialized JPA EntityManagerFactory for persistence unit 'default'
20180801 10:00:24.888 [restartedMain] INFO  org.hibernate.hql.internal.QueryTranslatorFactoryInitiator - HHH000397: Using ASTQueryTranslatorFactory
20180801 10:00:25.424 [restartedMain] INFO  org.mongodb.driver.cluster - Cluster created with settings {hosts=[192.168.8.22:20000], mode=SINGLE, requiredClusterType=UNKNOWN, serverSelectionTimeout='30000 ms', maxWaitQueueSize=1000}
20180801 10:00:25.546 [cluster-ClusterId{value='5b6114396a38622cd0158dc2', description='null'}-192.168.8.22:20000] INFO  org.mongodb.driver.connection - Opened connection [connectionId{localValue:1}] to 192.168.8.22:20000
20180801 10:00:25.555 [cluster-ClusterId{value='5b6114396a38622cd0158dc2', description='null'}-192.168.8.22:20000] INFO  org.mongodb.driver.cluster - Monitor thread successfully connected to server with description ServerDescription{address=192.168.8.22:20000, type=SHARD_ROUTER, state=CONNECTED, ok=true, version=ServerVersion{versionList=[3, 4, 6]}, minWireVersion=0, maxWireVersion=5, maxDocumentSize=16777216, roundTripTimeNanos=6163258}
20180801 10:00:25.662 [restartedMain] INFO  org.mongodb.driver.connection - Opened connection [connectionId{localValue:2}] to 192.168.8.22:20000
20180801 10:00:48.496 [restartedMain] INFO  org.springframework.web.servlet.mvc.method.annotation.RequestMappingHandlerAdapter - Looking for @ControllerAdvice: org.springframework.boot.context.embedded.AnnotationConfigEmbeddedWebApplicationContext@1014e7b6: startup date [Wed Aug 01 10:00:13 CST 2018]; root of context hierarchy
20180801 10:00:48.639 [restartedMain] INFO  org.springframework.web.servlet.handler.SimpleUrlHandlerMapping - Mapped URL path [/webjars/**] onto handler of type [class org.springframework.web.servlet.resource.ResourceHttpRequestHandler]
20180801 10:00:48.639 [restartedMain] INFO  org.springframework.web.servlet.handler.SimpleUrlHandlerMapping - Mapped URL path [/**] onto handler of type [class org.springframework.web.servlet.resource.ResourceHttpRequestHandler]
20180801 10:00:48.699 [restartedMain] INFO  org.springframework.web.servlet.handler.SimpleUrlHandlerMapping - Mapped URL path [/**/favicon.ico] onto handler of type [class org.springframework.web.servlet.resource.ResourceHttpRequestHandler]
20180801 10:00:49.154 [restartedMain] INFO  org.springframework.boot.devtools.autoconfigure.OptionalLiveReloadServer - LiveReload server is running on port 35729
20180801 10:00:49.301 [restartedMain] INFO  org.springframework.jmx.export.annotation.AnnotationMBeanExporter - Registering beans for JMX exposure on startup
20180801 10:00:49.318 [restartedMain] INFO  org.apache.coyote.http11.Http11NioProtocol - Initializing ProtocolHandler ["http-nio-7088"]
20180801 10:00:49.332 [restartedMain] INFO  org.apache.coyote.http11.Http11NioProtocol - Starting ProtocolHandler ["http-nio-7088"]
20180801 10:00:49.346 [restartedMain] INFO  org.apache.tomcat.util.net.NioSelectorPool - Using a shared selector for servlet write/read
20180801 10:00:49.375 [restartedMain] INFO  org.springframework.boot.context.embedded.tomcat.TomcatEmbeddedServletContainer - Tomcat started on port(s): 7088 (http)
20180801 10:00:49.382 [restartedMain] INFO  jhmk.clinic.cms.ApplicationCms - Started ApplicationCms in 36.512 seconds (JVM running for 39.577)
20180801 10:01:09.389 [http-nio-7088-exec-3] INFO  org.apache.catalina.core.ContainerBase.[Tomcat].[localhost].[/] - Initializing Spring FrameworkServlet 'dispatcherServlet'
20180801 10:01:09.390 [http-nio-7088-exec-3] INFO  org.springframework.web.servlet.DispatcherServlet - FrameworkServlet 'dispatcherServlet': initialization started
20180801 10:01:09.422 [http-nio-7088-exec-3] INFO  org.springframework.web.servlet.DispatcherServlet - FrameworkServlet 'dispatcherServlet': initialization completed in 32 ms
20180801 10:01:17.676 [http-nio-7088-exec-3] ERROR org.apache.catalina.core.ContainerBase.[Tomcat].[localhost].[/].[dispatcherServlet] - Servlet.service() for servlet [dispatcherServlet] in context with path [] threw exception [Request processing failed; nested exception is java.lang.NullPointerException] with root cause
java.lang.NullPointerException: null
	at jhmk.clinic.cms.controller.cdss.CdssController.ranDomSelByIllName(CdssController.java:100)
	at sun.reflect.NativeMethodAccessorImpl.invoke0(Native Method)
	at sun.reflect.NativeMethodAccessorImpl.invoke(NativeMethodAccessorImpl.java:62)
	at sun.reflect.DelegatingMethodAccessorImpl.invoke(DelegatingMethodAccessorImpl.java:43)
	at java.lang.reflect.Method.invoke(Method.java:497)
	at org.springframework.web.method.support.InvocableHandlerMethod.doInvoke(InvocableHandlerMethod.java:205)
	at org.springframework.web.method.support.InvocableHandlerMethod.invokeForRequest(InvocableHandlerMethod.java:133)
	at org.springframework.web.servlet.mvc.method.annotation.ServletInvocableHandlerMethod.invokeAndHandle(ServletInvocableHandlerMethod.java:97)
	at org.springframework.web.servlet.mvc.method.annotation.RequestMappingHandlerAdapter.invokeHandlerMethod(RequestMappingHandlerAdapter.java:827)
	at org.springframework.web.servlet.mvc.method.annotation.RequestMappingHandlerAdapter.handleInternal(RequestMappingHandlerAdapter.java:738)
	at org.springframework.web.servlet.mvc.method.AbstractHandlerMethodAdapter.handle(AbstractHandlerMethodAdapter.java:85)
	at org.springframework.web.servlet.DispatcherServlet.doDispatch(DispatcherServlet.java:967)
	at org.springframework.web.servlet.DispatcherServlet.doService(DispatcherServlet.java:901)
	at org.springframework.web.servlet.FrameworkServlet.processRequest(FrameworkServlet.java:970)
	at org.springframework.web.servlet.FrameworkServlet.doPost(FrameworkServlet.java:872)
	at javax.servlet.http.HttpServlet.service(HttpServlet.java:661)
	at org.springframework.web.servlet.FrameworkServlet.service(FrameworkServlet.java:846)
	at javax.servlet.http.HttpServlet.service(HttpServlet.java:742)
	at org.apache.catalina.core.ApplicationFilterChain.internalDoFilter(ApplicationFilterChain.java:231)
	at org.apache.catalina.core.ApplicationFilterChain.doFilter(ApplicationFilterChain.java:166)
	at org.apache.tomcat.websocket.server.WsFilter.doFilter(WsFilter.java:52)
	at org.apache.catalina.core.ApplicationFilterChain.internalDoFilter(ApplicationFilterChain.java:193)
	at org.apache.catalina.core.ApplicationFilterChain.doFilter(ApplicationFilterChain.java:166)
	at org.springframework.web.filter.RequestContextFilter.doFilterInternal(RequestContextFilter.java:99)
	at org.springframework.web.filter.OncePerRequestFilter.doFilter(OncePerRequestFilter.java:107)
	at org.apache.catalina.core.ApplicationFilterChain.internalDoFilter(ApplicationFilterChain.java:193)
	at org.apache.catalina.core.ApplicationFilterChain.doFilter(ApplicationFilterChain.java:166)
	at org.springframework.web.filter.HttpPutFormContentFilter.doFilterInternal(HttpPutFormContentFilter.java:105)
	at org.springframework.web.filter.OncePerRequestFilter.doFilter(OncePerRequestFilter.java:107)
	at org.apache.catalina.core.ApplicationFilterChain.internalDoFilter(ApplicationFilterChain.java:193)
	at org.apache.catalina.core.ApplicationFilterChain.doFilter(ApplicationFilterChain.java:166)
	at org.springframework.web.filter.HiddenHttpMethodFilter.doFilterInternal(HiddenHttpMethodFilter.java:81)
	at org.springframework.web.filter.OncePerRequestFilter.doFilter(OncePerRequestFilter.java:107)
	at org.apache.catalina.core.ApplicationFilterChain.internalDoFilter(ApplicationFilterChain.java:193)
	at org.apache.catalina.core.ApplicationFilterChain.doFilter(ApplicationFilterChain.java:166)
	at org.springframework.web.filter.CharacterEncodingFilter.doFilterInternal(CharacterEncodingFilter.java:197)
	at org.springframework.web.filter.OncePerRequestFilter.doFilter(OncePerRequestFilter.java:107)
	at org.apache.catalina.core.ApplicationFilterChain.internalDoFilter(ApplicationFilterChain.java:193)
	at org.apache.catalina.core.ApplicationFilterChain.doFilter(ApplicationFilterChain.java:166)
	at org.apache.catalina.core.StandardWrapperValve.invoke(StandardWrapperValve.java:198)
	at org.apache.catalina.core.StandardContextValve.invoke(StandardContextValve.java:96)
	at org.apache.catalina.authenticator.AuthenticatorBase.invoke(AuthenticatorBase.java:478)
	at org.apache.catalina.core.StandardHostValve.invoke(StandardHostValve.java:140)
	at org.apache.catalina.valves.ErrorReportValve.invoke(ErrorReportValve.java:80)
	at org.apache.catalina.core.StandardEngineValve.invoke(StandardEngineValve.java:87)
	at org.apache.catalina.connector.CoyoteAdapter.service(CoyoteAdapter.java:342)
	at org.apache.coyote.http11.Http11Processor.service(Http11Processor.java:799)
	at org.apache.coyote.AbstractProcessorLight.process(AbstractProcessorLight.java:66)
	at org.apache.coyote.AbstractProtocol$ConnectionHandler.process(AbstractProtocol.java:861)
	at org.apache.tomcat.util.net.NioEndpoint$SocketProcessor.doRun(NioEndpoint.java:1455)
	at org.apache.tomcat.util.net.SocketProcessorBase.run(SocketProcessorBase.java:49)
	at java.util.concurrent.ThreadPoolExecutor.runWorker(ThreadPoolExecutor.java:1142)
	at java.util.concurrent.ThreadPoolExecutor$Worker.run(ThreadPoolExecutor.java:617)
	at org.apache.tomcat.util.threads.TaskThread$WrappingRunnable.run(TaskThread.java:61)
	at java.lang.Thread.run(Thread.java:745)
20180801 10:01:42.744 [Thread-73] INFO  org.springframework.boot.context.embedded.AnnotationConfigEmbeddedWebApplicationContext - Closing org.springframework.boot.context.embedded.AnnotationConfigEmbeddedWebApplicationContext@1014e7b6: startup date [Wed Aug 01 10:00:13 CST 2018]; root of context hierarchy
20180801 10:01:42.747 [Thread-73] INFO  org.springframework.jmx.export.annotation.AnnotationMBeanExporter - Unregistering JMX-exposed beans on shutdown
20180801 10:01:42.750 [Thread-73] INFO  org.springframework.orm.jpa.LocalContainerEntityManagerFactoryBean - Closing JPA EntityManagerFactory for persistence unit 'default'
20180801 10:01:43.877 [restartedMain] INFO  jhmk.clinic.cms.ApplicationCms - Starting ApplicationCms on DESKTOP-ARC2DAD with PID 11472 (C:\jhmkProgram\cloudclinic\clinic-cms\target\classes started by 11075 in C:\jhmkProgram\cloudclinic)
20180801 10:01:43.877 [restartedMain] DEBUG jhmk.clinic.cms.ApplicationCms - Running with Spring Boot v1.5.4.RELEASE, Spring v4.3.9.RELEASE
20180801 10:01:43.878 [restartedMain] INFO  jhmk.clinic.cms.ApplicationCms - No active profile set, falling back to default profiles: default
20180801 10:01:43.890 [restartedMain] INFO  org.springframework.boot.context.embedded.AnnotationConfigEmbeddedWebApplicationContext - Refreshing org.springframework.boot.context.embedded.AnnotationConfigEmbeddedWebApplicationContext@2db6194f: startup date [Wed Aug 01 10:01:43 CST 2018]; root of context hierarchy
20180801 10:01:47.060 [restartedMain] INFO  org.springframework.boot.context.embedded.tomcat.TomcatEmbeddedServletContainer - Tomcat initialized with port(s): 7088 (http)
20180801 10:01:47.061 [restartedMain] INFO  org.apache.catalina.core.StandardService - Starting service [Tomcat]
20180801 10:01:47.061 [restartedMain] INFO  org.apache.catalina.core.StandardEngine - Starting Servlet Engine: Apache Tomcat/8.5.15
20180801 10:01:47.088 [localhost-startStop-1] INFO  org.apache.catalina.core.ContainerBase.[Tomcat].[localhost].[/] - Initializing Spring embedded WebApplicationContext
20180801 10:01:47.090 [localhost-startStop-1] INFO  org.springframework.web.context.ContextLoader - Root WebApplicationContext: initialization completed in 3200 ms
20180801 10:01:47.128 [localhost-startStop-1] INFO  org.springframework.boot.web.servlet.ServletRegistrationBean - Mapping servlet: 'dispatcherServlet' to [/]
20180801 10:01:47.128 [localhost-startStop-1] INFO  org.springframework.boot.web.servlet.FilterRegistrationBean - Mapping filter: 'characterEncodingFilter' to: [/*]
20180801 10:01:47.128 [localhost-startStop-1] INFO  org.springframework.boot.web.servlet.FilterRegistrationBean - Mapping filter: 'hiddenHttpMethodFilter' to: [/*]
20180801 10:01:47.128 [localhost-startStop-1] INFO  org.springframework.boot.web.servlet.FilterRegistrationBean - Mapping filter: 'httpPutFormContentFilter' to: [/*]
20180801 10:01:47.128 [localhost-startStop-1] INFO  org.springframework.boot.web.servlet.FilterRegistrationBean - Mapping filter: 'requestContextFilter' to: [/*]
20180801 10:01:48.925 [restartedMain] INFO  org.springframework.orm.jpa.LocalContainerEntityManagerFactoryBean - Building JPA container EntityManagerFactory for persistence unit 'default'
20180801 10:01:48.926 [restartedMain] INFO  org.hibernate.jpa.internal.util.LogHelper - HHH000204: Processing PersistenceUnitInfo [
	name: default
	...]
20180801 10:01:48.945 [restartedMain] INFO  org.hibernate.dialect.Dialect - HHH000400: Using dialect: org.hibernate.dialect.MySQL5Dialect
20180801 10:01:49.091 [restartedMain] INFO  org.hibernate.tool.hbm2ddl.SchemaUpdate - HHH000228: Running hbm2ddl schema update
20180801 10:01:52.812 [restartedMain] INFO  org.springframework.orm.jpa.LocalContainerEntityManagerFactoryBean - Initialized JPA EntityManagerFactory for persistence unit 'default'
20180801 10:01:53.070 [restartedMain] INFO  org.hibernate.hql.internal.QueryTranslatorFactoryInitiator - HHH000397: Using ASTQueryTranslatorFactory
20180801 10:01:53.167 [restartedMain] INFO  org.mongodb.driver.cluster - Cluster created with settings {hosts=[192.168.8.22:20000], mode=SINGLE, requiredClusterType=UNKNOWN, serverSelectionTimeout='30000 ms', maxWaitQueueSize=1000}
20180801 10:01:53.213 [cluster-ClusterId{value='5b6114916a38622cd0158dc3', description='null'}-192.168.8.22:20000] INFO  org.mongodb.driver.connection - Opened connection [connectionId{localValue:3}] to 192.168.8.22:20000
20180801 10:01:53.219 [cluster-ClusterId{value='5b6114916a38622cd0158dc3', description='null'}-192.168.8.22:20000] INFO  org.mongodb.driver.cluster - Monitor thread successfully connected to server with description ServerDescription{address=192.168.8.22:20000, type=SHARD_ROUTER, state=CONNECTED, ok=true, version=ServerVersion{versionList=[3, 4, 6]}, minWireVersion=0, maxWireVersion=5, maxDocumentSize=16777216, roundTripTimeNanos=6134562}
20180801 10:01:53.363 [restartedMain] INFO  org.mongodb.driver.connection - Opened connection [connectionId{localValue:4}] to 192.168.8.22:20000
20180801 10:02:18.338 [restartedMain] INFO  org.springframework.web.servlet.mvc.method.annotation.RequestMappingHandlerAdapter - Looking for @ControllerAdvice: org.springframework.boot.context.embedded.AnnotationConfigEmbeddedWebApplicationContext@2db6194f: startup date [Wed Aug 01 10:01:43 CST 2018]; root of context hierarchy
20180801 10:02:18.359 [restartedMain] INFO  org.springframework.web.servlet.handler.SimpleUrlHandlerMapping - Mapped URL path [/webjars/**] onto handler of type [class org.springframework.web.servlet.resource.ResourceHttpRequestHandler]
20180801 10:02:18.359 [restartedMain] INFO  org.springframework.web.servlet.handler.SimpleUrlHandlerMapping - Mapped URL path [/**] onto handler of type [class org.springframework.web.servlet.resource.ResourceHttpRequestHandler]
20180801 10:02:18.376 [restartedMain] INFO  org.springframework.web.servlet.handler.SimpleUrlHandlerMapping - Mapped URL path [/**/favicon.ico] onto handler of type [class org.springframework.web.servlet.resource.ResourceHttpRequestHandler]
20180801 10:02:18.456 [restartedMain] INFO  org.springframework.boot.devtools.autoconfigure.OptionalLiveReloadServer - LiveReload server is running on port 35729
20180801 10:02:18.582 [restartedMain] INFO  org.springframework.jmx.export.annotation.AnnotationMBeanExporter - Registering beans for JMX exposure on startup
20180801 10:02:18.590 [restartedMain] INFO  org.apache.coyote.http11.Http11NioProtocol - Initializing ProtocolHandler ["http-nio-7088"]
20180801 10:02:18.591 [restartedMain] INFO  org.apache.coyote.http11.Http11NioProtocol - Starting ProtocolHandler ["http-nio-7088"]
20180801 10:02:18.592 [restartedMain] INFO  org.apache.tomcat.util.net.NioSelectorPool - Using a shared selector for servlet write/read
20180801 10:02:18.596 [restartedMain] INFO  org.springframework.boot.context.embedded.tomcat.TomcatEmbeddedServletContainer - Tomcat started on port(s): 7088 (http)
20180801 10:02:18.598 [restartedMain] INFO  jhmk.clinic.cms.ApplicationCms - Started ApplicationCms in 34.998 seconds (JVM running for 128.793)
20180801 10:02:22.452 [http-nio-7088-exec-3] INFO  org.apache.catalina.core.ContainerBase.[Tomcat].[localhost].[/] - Initializing Spring FrameworkServlet 'dispatcherServlet'
20180801 10:02:22.452 [http-nio-7088-exec-3] INFO  org.springframework.web.servlet.DispatcherServlet - FrameworkServlet 'dispatcherServlet': initialization started
20180801 10:02:22.456 [http-nio-7088-exec-3] INFO  org.springframework.web.servlet.DispatcherServlet - FrameworkServlet 'dispatcherServlet': initialization completed in 4 ms
20180801 10:03:43.622 [Thread-81] INFO  org.springframework.boot.context.embedded.AnnotationConfigEmbeddedWebApplicationContext - Closing org.springframework.boot.context.embedded.AnnotationConfigEmbeddedWebApplicationContext@2db6194f: startup date [Wed Aug 01 10:01:43 CST 2018]; root of context hierarchy
20180801 10:03:43.624 [Thread-81] INFO  org.springframework.jmx.export.annotation.AnnotationMBeanExporter - Unregistering JMX-exposed beans on shutdown
20180801 10:03:43.625 [Thread-81] INFO  org.springframework.orm.jpa.LocalContainerEntityManagerFactoryBean - Closing JPA EntityManagerFactory for persistence unit 'default'
20180801 10:03:44.959 [restartedMain] INFO  jhmk.clinic.cms.ApplicationCms - Starting ApplicationCms on DESKTOP-ARC2DAD with PID 11472 (C:\jhmkProgram\cloudclinic\clinic-cms\target\classes started by 11075 in C:\jhmkProgram\cloudclinic)
20180801 10:03:44.960 [restartedMain] DEBUG jhmk.clinic.cms.ApplicationCms - Running with Spring Boot v1.5.4.RELEASE, Spring v4.3.9.RELEASE
20180801 10:03:44.960 [restartedMain] INFO  jhmk.clinic.cms.ApplicationCms - No active profile set, falling back to default profiles: default
20180801 10:03:44.967 [restartedMain] INFO  org.springframework.boot.context.embedded.AnnotationConfigEmbeddedWebApplicationContext - Refreshing org.springframework.boot.context.embedded.AnnotationConfigEmbeddedWebApplicationContext@8916c3c: startup date [Wed Aug 01 10:03:44 CST 2018]; root of context hierarchy
20180801 10:03:48.042 [restartedMain] INFO  org.springframework.boot.context.embedded.tomcat.TomcatEmbeddedServletContainer - Tomcat initialized with port(s): 7088 (http)
20180801 10:03:48.043 [restartedMain] INFO  org.apache.catalina.core.StandardService - Starting service [Tomcat]
20180801 10:03:48.043 [restartedMain] INFO  org.apache.catalina.core.StandardEngine - Starting Servlet Engine: Apache Tomcat/8.5.15
20180801 10:03:48.070 [localhost-startStop-1] INFO  org.apache.catalina.core.ContainerBase.[Tomcat].[localhost].[/] - Initializing Spring embedded WebApplicationContext
20180801 10:03:48.071 [localhost-startStop-1] INFO  org.springframework.web.context.ContextLoader - Root WebApplicationContext: initialization completed in 3103 ms
20180801 10:03:48.106 [localhost-startStop-1] INFO  org.springframework.boot.web.servlet.ServletRegistrationBean - Mapping servlet: 'dispatcherServlet' to [/]
20180801 10:03:48.107 [localhost-startStop-1] INFO  org.springframework.boot.web.servlet.FilterRegistrationBean - Mapping filter: 'characterEncodingFilter' to: [/*]
20180801 10:03:48.107 [localhost-startStop-1] INFO  org.springframework.boot.web.servlet.FilterRegistrationBean - Mapping filter: 'hiddenHttpMethodFilter' to: [/*]
20180801 10:03:48.107 [localhost-startStop-1] INFO  org.springframework.boot.web.servlet.FilterRegistrationBean - Mapping filter: 'httpPutFormContentFilter' to: [/*]
20180801 10:03:48.107 [localhost-startStop-1] INFO  org.springframework.boot.web.servlet.FilterRegistrationBean - Mapping filter: 'requestContextFilter' to: [/*]
20180801 10:03:49.922 [restartedMain] INFO  org.springframework.orm.jpa.LocalContainerEntityManagerFactoryBean - Building JPA container EntityManagerFactory for persistence unit 'default'
20180801 10:03:49.922 [restartedMain] INFO  org.hibernate.jpa.internal.util.LogHelper - HHH000204: Processing PersistenceUnitInfo [
	name: default
	...]
20180801 10:03:49.938 [restartedMain] INFO  org.hibernate.dialect.Dialect - HHH000400: Using dialect: org.hibernate.dialect.MySQL5Dialect
20180801 10:03:50.122 [restartedMain] INFO  org.hibernate.tool.hbm2ddl.SchemaUpdate - HHH000228: Running hbm2ddl schema update
20180801 10:03:53.895 [restartedMain] INFO  org.springframework.orm.jpa.LocalContainerEntityManagerFactoryBean - Initialized JPA EntityManagerFactory for persistence unit 'default'
20180801 10:03:54.010 [restartedMain] INFO  org.hibernate.hql.internal.QueryTranslatorFactoryInitiator - HHH000397: Using ASTQueryTranslatorFactory
20180801 10:03:54.052 [restartedMain] INFO  org.mongodb.driver.cluster - Cluster created with settings {hosts=[192.168.8.22:20000], mode=SINGLE, requiredClusterType=UNKNOWN, serverSelectionTimeout='30000 ms', maxWaitQueueSize=1000}
20180801 10:03:54.094 [cluster-ClusterId{value='5b61150a6a38622cd0158dc4', description='null'}-192.168.8.22:20000] INFO  org.mongodb.driver.connection - Opened connection [connectionId{localValue:5}] to 192.168.8.22:20000
20180801 10:03:54.101 [cluster-ClusterId{value='5b61150a6a38622cd0158dc4', description='null'}-192.168.8.22:20000] INFO  org.mongodb.driver.cluster - Monitor thread successfully connected to server with description ServerDescription{address=192.168.8.22:20000, type=SHARD_ROUTER, state=CONNECTED, ok=true, version=ServerVersion{versionList=[3, 4, 6]}, minWireVersion=0, maxWireVersion=5, maxDocumentSize=16777216, roundTripTimeNanos=6408308}
20180801 10:03:54.162 [restartedMain] INFO  org.mongodb.driver.connection - Opened connection [connectionId{localValue:6}] to 192.168.8.22:20000
20180801 19:40:24.331 [restartedMain] INFO  jhmk.clinic.cms.ApplicationCms - Starting ApplicationCms on DESKTOP-ARC2DAD with PID 12380 (C:\jhmkProgram\cloudclinic\clinic-cms\target\classes started by 11075 in C:\jhmkProgram\cloudclinic)
20180801 19:40:24.333 [restartedMain] DEBUG jhmk.clinic.cms.ApplicationCms - Running with Spring Boot v1.5.4.RELEASE, Spring v4.3.9.RELEASE
20180801 19:40:24.333 [restartedMain] INFO  jhmk.clinic.cms.ApplicationCms - No active profile set, falling back to default profiles: default
20180801 19:40:24.416 [restartedMain] INFO  org.springframework.boot.context.embedded.AnnotationConfigEmbeddedWebApplicationContext - Refreshing org.springframework.boot.context.embedded.AnnotationConfigEmbeddedWebApplicationContext@513800e5: startup date [Wed Aug 01 19:40:24 CST 2018]; root of context hierarchy
20180801 19:40:24.541 [background-preinit] INFO  org.hibernate.validator.internal.util.Version - HV000001: Hibernate Validator 5.3.5.Final
20180801 19:40:28.106 [restartedMain] INFO  org.springframework.boot.context.embedded.tomcat.TomcatEmbeddedServletContainer - Tomcat initialized with port(s): 7088 (http)
20180801 19:40:28.123 [restartedMain] INFO  org.apache.catalina.core.StandardService - Starting service [Tomcat]
20180801 19:40:28.124 [restartedMain] INFO  org.apache.catalina.core.StandardEngine - Starting Servlet Engine: Apache Tomcat/8.5.15
20180801 19:40:28.250 [localhost-startStop-1] INFO  org.apache.catalina.core.ContainerBase.[Tomcat].[localhost].[/] - Initializing Spring embedded WebApplicationContext
20180801 19:40:28.250 [localhost-startStop-1] INFO  org.springframework.web.context.ContextLoader - Root WebApplicationContext: initialization completed in 3834 ms
20180801 19:40:28.491 [localhost-startStop-1] INFO  org.springframework.boot.web.servlet.ServletRegistrationBean - Mapping servlet: 'dispatcherServlet' to [/]
20180801 19:40:28.497 [localhost-startStop-1] INFO  org.springframework.boot.web.servlet.FilterRegistrationBean - Mapping filter: 'characterEncodingFilter' to: [/*]
20180801 19:40:28.498 [localhost-startStop-1] INFO  org.springframework.boot.web.servlet.FilterRegistrationBean - Mapping filter: 'hiddenHttpMethodFilter' to: [/*]
20180801 19:40:28.498 [localhost-startStop-1] INFO  org.springframework.boot.web.servlet.FilterRegistrationBean - Mapping filter: 'httpPutFormContentFilter' to: [/*]
20180801 19:40:28.498 [localhost-startStop-1] INFO  org.springframework.boot.web.servlet.FilterRegistrationBean - Mapping filter: 'requestContextFilter' to: [/*]
20180801 19:40:30.800 [restartedMain] INFO  org.springframework.orm.jpa.LocalContainerEntityManagerFactoryBean - Building JPA container EntityManagerFactory for persistence unit 'default'
20180801 19:40:30.814 [restartedMain] INFO  org.hibernate.jpa.internal.util.LogHelper - HHH000204: Processing PersistenceUnitInfo [
	name: default
	...]
20180801 19:40:30.899 [restartedMain] INFO  org.hibernate.Version - HHH000412: Hibernate Core {5.0.12.Final}
20180801 19:40:30.904 [restartedMain] INFO  org.hibernate.cfg.Environment - HHH000206: hibernate.properties not found
20180801 19:40:30.905 [restartedMain] INFO  org.hibernate.cfg.Environment - HHH000021: Bytecode provider name : javassist
20180801 19:40:30.974 [restartedMain] INFO  org.hibernate.annotations.common.Version - HCANN000001: Hibernate Commons Annotations {5.0.1.Final}
20180801 19:40:31.171 [restartedMain] INFO  org.hibernate.dialect.Dialect - HHH000400: Using dialect: org.hibernate.dialect.MySQL5Dialect
20180801 19:40:31.994 [restartedMain] INFO  org.hibernate.tool.hbm2ddl.SchemaUpdate - HHH000228: Running hbm2ddl schema update
20180801 19:40:35.062 [restartedMain] INFO  org.springframework.orm.jpa.LocalContainerEntityManagerFactoryBean - Initialized JPA EntityManagerFactory for persistence unit 'default'
20180801 19:40:35.428 [restartedMain] INFO  org.hibernate.hql.internal.QueryTranslatorFactoryInitiator - HHH000397: Using ASTQueryTranslatorFactory
20180801 19:40:36.096 [restartedMain] INFO  org.mongodb.driver.cluster - Cluster created with settings {hosts=[192.168.8.22:20000], mode=SINGLE, requiredClusterType=UNKNOWN, serverSelectionTimeout='30000 ms', maxWaitQueueSize=1000}
20180801 19:40:36.240 [cluster-ClusterId{value='5b619c346a3862305c4dd4b4', description='null'}-192.168.8.22:20000] INFO  org.mongodb.driver.connection - Opened connection [connectionId{localValue:1}] to 192.168.8.22:20000
20180801 19:40:36.249 [cluster-ClusterId{value='5b619c346a3862305c4dd4b4', description='null'}-192.168.8.22:20000] INFO  org.mongodb.driver.cluster - Monitor thread successfully connected to server with description ServerDescription{address=192.168.8.22:20000, type=SHARD_ROUTER, state=CONNECTED, ok=true, version=ServerVersion{versionList=[3, 4, 6]}, minWireVersion=0, maxWireVersion=5, maxDocumentSize=16777216, roundTripTimeNanos=6149665}
20180801 19:40:36.898 [restartedMain] INFO  org.springframework.web.servlet.mvc.method.annotation.RequestMappingHandlerAdapter - Looking for @ControllerAdvice: org.springframework.boot.context.embedded.AnnotationConfigEmbeddedWebApplicationContext@513800e5: startup date [Wed Aug 01 19:40:24 CST 2018]; root of context hierarchy
20180801 19:40:37.056 [restartedMain] INFO  org.springframework.web.servlet.handler.SimpleUrlHandlerMapping - Mapped URL path [/webjars/**] onto handler of type [class org.springframework.web.servlet.resource.ResourceHttpRequestHandler]
20180801 19:40:37.056 [restartedMain] INFO  org.springframework.web.servlet.handler.SimpleUrlHandlerMapping - Mapped URL path [/**] onto handler of type [class org.springframework.web.servlet.resource.ResourceHttpRequestHandler]
20180801 19:40:37.130 [restartedMain] INFO  org.springframework.web.servlet.handler.SimpleUrlHandlerMapping - Mapped URL path [/**/favicon.ico] onto handler of type [class org.springframework.web.servlet.resource.ResourceHttpRequestHandler]
20180801 19:40:37.897 [restartedMain] INFO  org.springframework.boot.devtools.autoconfigure.OptionalLiveReloadServer - LiveReload server is running on port 35729
20180801 19:40:38.039 [restartedMain] INFO  org.springframework.jmx.export.annotation.AnnotationMBeanExporter - Registering beans for JMX exposure on startup
20180801 19:40:38.059 [restartedMain] INFO  org.apache.coyote.http11.Http11NioProtocol - Initializing ProtocolHandler ["http-nio-7088"]
20180801 19:40:38.077 [restartedMain] INFO  org.apache.coyote.http11.Http11NioProtocol - Starting ProtocolHandler ["http-nio-7088"]
20180801 19:40:38.093 [restartedMain] INFO  org.apache.tomcat.util.net.NioSelectorPool - Using a shared selector for servlet write/read
20180801 19:40:38.128 [restartedMain] INFO  org.springframework.boot.context.embedded.tomcat.TomcatEmbeddedServletContainer - Tomcat started on port(s): 7088 (http)
20180801 19:40:38.135 [restartedMain] INFO  jhmk.clinic.cms.ApplicationCms - Started ApplicationCms in 14.576 seconds (JVM running for 16.378)
20180801 19:43:46.077 [http-nio-7088-exec-2] INFO  org.apache.catalina.core.ContainerBase.[Tomcat].[localhost].[/] - Initializing Spring FrameworkServlet 'dispatcherServlet'
20180801 19:43:46.077 [http-nio-7088-exec-2] INFO  org.springframework.web.servlet.DispatcherServlet - FrameworkServlet 'dispatcherServlet': initialization started
20180801 19:43:46.112 [http-nio-7088-exec-2] INFO  org.springframework.web.servlet.DispatcherServlet - FrameworkServlet 'dispatcherServlet': initialization completed in 35 ms
20180801 19:43:46.235 [http-nio-7088-exec-2] INFO  org.mongodb.driver.connection - Opened connection [connectionId{localValue:2}] to 192.168.8.22:20000
20180801 19:43:55.377 [pool-3-thread-3] INFO  org.mongodb.driver.connection - Opened connection [connectionId{localValue:5}] to 192.168.8.22:20000
20180801 19:43:55.378 [pool-3-thread-6] INFO  org.mongodb.driver.connection - Opened connection [connectionId{localValue:7}] to 192.168.8.22:20000
20180801 19:43:55.378 [pool-3-thread-1] INFO  org.mongodb.driver.connection - Opened connection [connectionId{localValue:4}] to 192.168.8.22:20000
20180801 19:43:55.378 [pool-3-thread-4] INFO  org.mongodb.driver.connection - Opened connection [connectionId{localValue:3}] to 192.168.8.22:20000
20180801 19:43:55.386 [pool-3-thread-7] INFO  org.mongodb.driver.connection - Opened connection [connectionId{localValue:8}] to 192.168.8.22:20000
20180801 19:43:55.386 [pool-3-thread-5] INFO  org.mongodb.driver.connection - Opened connection [connectionId{localValue:6}] to 192.168.8.22:20000
20180801 19:43:55.386 [pool-3-thread-8] INFO  org.mongodb.driver.connection - Opened connection [connectionId{localValue:9}] to 192.168.8.22:20000
20180801 19:45:01.105 [restartedMain] INFO  jhmk.clinic.cms.ApplicationCms - Starting ApplicationCms on DESKTOP-ARC2DAD with PID 5916 (C:\jhmkProgram\cloudclinic\clinic-cms\target\classes started by 11075 in C:\jhmkProgram\cloudclinic)
20180801 19:45:01.107 [restartedMain] DEBUG jhmk.clinic.cms.ApplicationCms - Running with Spring Boot v1.5.4.RELEASE, Spring v4.3.9.RELEASE
20180801 19:45:01.107 [restartedMain] INFO  jhmk.clinic.cms.ApplicationCms - No active profile set, falling back to default profiles: default
20180801 19:45:01.212 [restartedMain] INFO  org.springframework.boot.context.embedded.AnnotationConfigEmbeddedWebApplicationContext - Refreshing org.springframework.boot.context.embedded.AnnotationConfigEmbeddedWebApplicationContext@3cc2a9ff: startup date [Wed Aug 01 19:45:01 CST 2018]; root of context hierarchy
20180801 19:45:01.340 [background-preinit] INFO  org.hibernate.validator.internal.util.Version - HV000001: Hibernate Validator 5.3.5.Final
20180801 19:45:04.703 [restartedMain] INFO  org.springframework.boot.context.embedded.tomcat.TomcatEmbeddedServletContainer - Tomcat initialized with port(s): 7088 (http)
20180801 19:45:04.719 [restartedMain] INFO  org.apache.catalina.core.StandardService - Starting service [Tomcat]
20180801 19:45:04.721 [restartedMain] INFO  org.apache.catalina.core.StandardEngine - Starting Servlet Engine: Apache Tomcat/8.5.15
20180801 19:45:04.851 [localhost-startStop-1] INFO  org.apache.catalina.core.ContainerBase.[Tomcat].[localhost].[/] - Initializing Spring embedded WebApplicationContext
20180801 19:45:04.851 [localhost-startStop-1] INFO  org.springframework.web.context.ContextLoader - Root WebApplicationContext: initialization completed in 3639 ms
20180801 19:45:05.083 [localhost-startStop-1] INFO  org.springframework.boot.web.servlet.ServletRegistrationBean - Mapping servlet: 'dispatcherServlet' to [/]
20180801 19:45:05.089 [localhost-startStop-1] INFO  org.springframework.boot.web.servlet.FilterRegistrationBean - Mapping filter: 'characterEncodingFilter' to: [/*]
20180801 19:45:05.090 [localhost-startStop-1] INFO  org.springframework.boot.web.servlet.FilterRegistrationBean - Mapping filter: 'hiddenHttpMethodFilter' to: [/*]
20180801 19:45:05.090 [localhost-startStop-1] INFO  org.springframework.boot.web.servlet.FilterRegistrationBean - Mapping filter: 'httpPutFormContentFilter' to: [/*]
20180801 19:45:05.091 [localhost-startStop-1] INFO  org.springframework.boot.web.servlet.FilterRegistrationBean - Mapping filter: 'requestContextFilter' to: [/*]
20180801 19:45:07.373 [restartedMain] INFO  org.springframework.orm.jpa.LocalContainerEntityManagerFactoryBean - Building JPA container EntityManagerFactory for persistence unit 'default'
20180801 19:45:07.388 [restartedMain] INFO  org.hibernate.jpa.internal.util.LogHelper - HHH000204: Processing PersistenceUnitInfo [
	name: default
	...]
20180801 19:45:07.485 [restartedMain] INFO  org.hibernate.Version - HHH000412: Hibernate Core {5.0.12.Final}
20180801 19:45:07.489 [restartedMain] INFO  org.hibernate.cfg.Environment - HHH000206: hibernate.properties not found
20180801 19:45:07.490 [restartedMain] INFO  org.hibernate.cfg.Environment - HHH000021: Bytecode provider name : javassist
20180801 19:45:07.552 [restartedMain] INFO  org.hibernate.annotations.common.Version - HCANN000001: Hibernate Commons Annotations {5.0.1.Final}
20180801 19:45:07.740 [restartedMain] INFO  org.hibernate.dialect.Dialect - HHH000400: Using dialect: org.hibernate.dialect.MySQL5Dialect
20180801 19:45:08.497 [restartedMain] INFO  org.hibernate.tool.hbm2ddl.SchemaUpdate - HHH000228: Running hbm2ddl schema update
20180801 19:45:11.657 [restartedMain] INFO  org.springframework.orm.jpa.LocalContainerEntityManagerFactoryBean - Initialized JPA EntityManagerFactory for persistence unit 'default'
20180801 19:45:12.190 [restartedMain] INFO  org.hibernate.hql.internal.QueryTranslatorFactoryInitiator - HHH000397: Using ASTQueryTranslatorFactory
20180801 19:45:12.760 [restartedMain] INFO  org.mongodb.driver.cluster - Cluster created with settings {hosts=[192.168.8.22:20000], mode=SINGLE, requiredClusterType=UNKNOWN, serverSelectionTimeout='30000 ms', maxWaitQueueSize=1000}
20180801 19:45:12.886 [cluster-ClusterId{value='5b619d486a3862171ccda21f', description='null'}-192.168.8.22:20000] INFO  org.mongodb.driver.connection - Opened connection [connectionId{localValue:1}] to 192.168.8.22:20000
20180801 19:45:12.893 [cluster-ClusterId{value='5b619d486a3862171ccda21f', description='null'}-192.168.8.22:20000] INFO  org.mongodb.driver.cluster - Monitor thread successfully connected to server with description ServerDescription{address=192.168.8.22:20000, type=SHARD_ROUTER, state=CONNECTED, ok=true, version=ServerVersion{versionList=[3, 4, 6]}, minWireVersion=0, maxWireVersion=5, maxDocumentSize=16777216, roundTripTimeNanos=5937842}
20180801 19:45:13.527 [restartedMain] INFO  org.springframework.web.servlet.mvc.method.annotation.RequestMappingHandlerAdapter - Looking for @ControllerAdvice: org.springframework.boot.context.embedded.AnnotationConfigEmbeddedWebApplicationContext@3cc2a9ff: startup date [Wed Aug 01 19:45:01 CST 2018]; root of context hierarchy
20180801 19:45:13.681 [restartedMain] INFO  org.springframework.web.servlet.handler.SimpleUrlHandlerMapping - Mapped URL path [/webjars/**] onto handler of type [class org.springframework.web.servlet.resource.ResourceHttpRequestHandler]
20180801 19:45:13.681 [restartedMain] INFO  org.springframework.web.servlet.handler.SimpleUrlHandlerMapping - Mapped URL path [/**] onto handler of type [class org.springframework.web.servlet.resource.ResourceHttpRequestHandler]
20180801 19:45:13.751 [restartedMain] INFO  org.springframework.web.servlet.handler.SimpleUrlHandlerMapping - Mapped URL path [/**/favicon.ico] onto handler of type [class org.springframework.web.servlet.resource.ResourceHttpRequestHandler]
20180801 19:45:14.224 [restartedMain] INFO  org.springframework.boot.devtools.autoconfigure.OptionalLiveReloadServer - LiveReload server is running on port 35729
20180801 19:45:14.364 [restartedMain] INFO  org.springframework.jmx.export.annotation.AnnotationMBeanExporter - Registering beans for JMX exposure on startup
20180801 19:45:14.383 [restartedMain] INFO  org.apache.coyote.http11.Http11NioProtocol - Initializing ProtocolHandler ["http-nio-7088"]
20180801 19:45:14.395 [restartedMain] INFO  org.apache.coyote.http11.Http11NioProtocol - Starting ProtocolHandler ["http-nio-7088"]
20180801 19:45:14.410 [restartedMain] INFO  org.apache.tomcat.util.net.NioSelectorPool - Using a shared selector for servlet write/read
20180801 19:45:14.434 [restartedMain] INFO  org.springframework.boot.context.embedded.tomcat.TomcatEmbeddedServletContainer - Tomcat started on port(s): 7088 (http)
20180801 19:45:14.444 [restartedMain] INFO  jhmk.clinic.cms.ApplicationCms - Started ApplicationCms in 14.924 seconds (JVM running for 16.721)
20180801 19:45:17.534 [http-nio-7088-exec-2] INFO  org.apache.catalina.core.ContainerBase.[Tomcat].[localhost].[/] - Initializing Spring FrameworkServlet 'dispatcherServlet'
20180801 19:45:17.535 [http-nio-7088-exec-2] INFO  org.springframework.web.servlet.DispatcherServlet - FrameworkServlet 'dispatcherServlet': initialization started
20180801 19:45:17.601 [http-nio-7088-exec-2] INFO  org.springframework.web.servlet.DispatcherServlet - FrameworkServlet 'dispatcherServlet': initialization completed in 66 ms
20180801 19:45:17.710 [http-nio-7088-exec-2] INFO  org.mongodb.driver.connection - Opened connection [connectionId{localValue:2}] to 192.168.8.22:20000
20180801 19:45:26.352 [pool-3-thread-5] INFO  org.mongodb.driver.connection - Opened connection [connectionId{localValue:6}] to 192.168.8.22:20000
20180801 19:45:26.353 [pool-3-thread-2] INFO  org.mongodb.driver.connection - Opened connection [connectionId{localValue:4}] to 192.168.8.22:20000
20180801 19:45:26.354 [pool-3-thread-1] INFO  org.mongodb.driver.connection - Opened connection [connectionId{localValue:3}] to 192.168.8.22:20000
20180801 19:45:26.354 [pool-3-thread-4] INFO  org.mongodb.driver.connection - Opened connection [connectionId{localValue:5}] to 192.168.8.22:20000
20180801 19:45:26.362 [pool-3-thread-7] INFO  org.mongodb.driver.connection - Opened connection [connectionId{localValue:8}] to 192.168.8.22:20000
20180801 19:45:26.368 [pool-3-thread-6] INFO  org.mongodb.driver.connection - Opened connection [connectionId{localValue:7}] to 192.168.8.22:20000
20180801 19:45:26.368 [pool-3-thread-8] INFO  org.mongodb.driver.connection - Opened connection [connectionId{localValue:9}] to 192.168.8.22:20000
20180801 19:47:11.960 [restartedMain] INFO  jhmk.clinic.cms.ApplicationCms - Starting ApplicationCms on DESKTOP-ARC2DAD with PID 11052 (C:\jhmkProgram\cloudclinic\clinic-cms\target\classes started by 11075 in C:\jhmkProgram\cloudclinic)
20180801 19:47:11.963 [restartedMain] DEBUG jhmk.clinic.cms.ApplicationCms - Running with Spring Boot v1.5.4.RELEASE, Spring v4.3.9.RELEASE
20180801 19:47:11.964 [restartedMain] INFO  jhmk.clinic.cms.ApplicationCms - No active profile set, falling back to default profiles: default
20180801 19:47:12.218 [restartedMain] INFO  org.springframework.boot.context.embedded.AnnotationConfigEmbeddedWebApplicationContext - Refreshing org.springframework.boot.context.embedded.AnnotationConfigEmbeddedWebApplicationContext@52db40a9: startup date [Wed Aug 01 19:47:12 CST 2018]; root of context hierarchy
20180801 19:47:12.497 [background-preinit] INFO  org.hibernate.validator.internal.util.Version - HV000001: Hibernate Validator 5.3.5.Final
20180801 19:47:17.616 [restartedMain] INFO  org.springframework.boot.context.embedded.tomcat.TomcatEmbeddedServletContainer - Tomcat initialized with port(s): 7088 (http)
20180801 19:47:17.629 [restartedMain] INFO  org.apache.catalina.core.StandardService - Starting service [Tomcat]
20180801 19:47:17.631 [restartedMain] INFO  org.apache.catalina.core.StandardEngine - Starting Servlet Engine: Apache Tomcat/8.5.15
20180801 19:47:17.782 [localhost-startStop-1] INFO  org.apache.catalina.core.ContainerBase.[Tomcat].[localhost].[/] - Initializing Spring embedded WebApplicationContext
20180801 19:47:17.782 [localhost-startStop-1] INFO  org.springframework.web.context.ContextLoader - Root WebApplicationContext: initialization completed in 5564 ms
20180801 19:47:18.056 [localhost-startStop-1] INFO  org.springframework.boot.web.servlet.ServletRegistrationBean - Mapping servlet: 'dispatcherServlet' to [/]
20180801 19:47:18.065 [localhost-startStop-1] INFO  org.springframework.boot.web.servlet.FilterRegistrationBean - Mapping filter: 'characterEncodingFilter' to: [/*]
20180801 19:47:18.065 [localhost-startStop-1] INFO  org.springframework.boot.web.servlet.FilterRegistrationBean - Mapping filter: 'hiddenHttpMethodFilter' to: [/*]
20180801 19:47:18.066 [localhost-startStop-1] INFO  org.springframework.boot.web.servlet.FilterRegistrationBean - Mapping filter: 'httpPutFormContentFilter' to: [/*]
20180801 19:47:18.066 [localhost-startStop-1] INFO  org.springframework.boot.web.servlet.FilterRegistrationBean - Mapping filter: 'requestContextFilter' to: [/*]
20180801 19:47:20.389 [restartedMain] INFO  org.springframework.orm.jpa.LocalContainerEntityManagerFactoryBean - Building JPA container EntityManagerFactory for persistence unit 'default'
20180801 19:47:20.401 [restartedMain] INFO  org.hibernate.jpa.internal.util.LogHelper - HHH000204: Processing PersistenceUnitInfo [
	name: default
	...]
20180801 19:47:20.505 [restartedMain] INFO  org.hibernate.Version - HHH000412: Hibernate Core {5.0.12.Final}
20180801 19:47:20.510 [restartedMain] INFO  org.hibernate.cfg.Environment - HHH000206: hibernate.properties not found
20180801 19:47:20.513 [restartedMain] INFO  org.hibernate.cfg.Environment - HHH000021: Bytecode provider name : javassist
20180801 19:47:20.583 [restartedMain] INFO  org.hibernate.annotations.common.Version - HCANN000001: Hibernate Commons Annotations {5.0.1.Final}
20180801 19:47:20.778 [restartedMain] INFO  org.hibernate.dialect.Dialect - HHH000400: Using dialect: org.hibernate.dialect.MySQL5Dialect
20180801 19:47:21.594 [restartedMain] INFO  org.hibernate.tool.hbm2ddl.SchemaUpdate - HHH000228: Running hbm2ddl schema update
20180801 19:47:24.871 [restartedMain] INFO  org.springframework.orm.jpa.LocalContainerEntityManagerFactoryBean - Initialized JPA EntityManagerFactory for persistence unit 'default'
20180801 19:47:25.278 [restartedMain] INFO  org.hibernate.hql.internal.QueryTranslatorFactoryInitiator - HHH000397: Using ASTQueryTranslatorFactory
20180801 19:47:25.959 [restartedMain] INFO  org.mongodb.driver.cluster - Cluster created with settings {hosts=[192.168.8.22:20000], mode=SINGLE, requiredClusterType=UNKNOWN, serverSelectionTimeout='30000 ms', maxWaitQueueSize=1000}
20180801 19:47:26.115 [cluster-ClusterId{value='5b619dcd6a38622b2c6756e0', description='null'}-192.168.8.22:20000] INFO  org.mongodb.driver.connection - Opened connection [connectionId{localValue:1}] to 192.168.8.22:20000
20180801 19:47:26.125 [cluster-ClusterId{value='5b619dcd6a38622b2c6756e0', description='null'}-192.168.8.22:20000] INFO  org.mongodb.driver.cluster - Monitor thread successfully connected to server with description ServerDescription{address=192.168.8.22:20000, type=SHARD_ROUTER, state=CONNECTED, ok=true, version=ServerVersion{versionList=[3, 4, 6]}, minWireVersion=0, maxWireVersion=5, maxDocumentSize=16777216, roundTripTimeNanos=6868957}
20180801 19:47:28.540 [restartedMain] INFO  org.springframework.web.servlet.mvc.method.annotation.RequestMappingHandlerAdapter - Looking for @ControllerAdvice: org.springframework.boot.context.embedded.AnnotationConfigEmbeddedWebApplicationContext@52db40a9: startup date [Wed Aug 01 19:47:12 CST 2018]; root of context hierarchy
20180801 19:47:29.052 [restartedMain] INFO  org.springframework.web.servlet.handler.SimpleUrlHandlerMapping - Mapped URL path [/webjars/**] onto handler of type [class org.springframework.web.servlet.resource.ResourceHttpRequestHandler]
20180801 19:47:29.053 [restartedMain] INFO  org.springframework.web.servlet.handler.SimpleUrlHandlerMapping - Mapped URL path [/**] onto handler of type [class org.springframework.web.servlet.resource.ResourceHttpRequestHandler]
20180801 19:47:29.218 [restartedMain] INFO  org.springframework.web.servlet.handler.SimpleUrlHandlerMapping - Mapped URL path [/**/favicon.ico] onto handler of type [class org.springframework.web.servlet.resource.ResourceHttpRequestHandler]
20180801 19:47:31.089 [restartedMain] INFO  org.springframework.boot.devtools.autoconfigure.OptionalLiveReloadServer - LiveReload server is running on port 35729
20180801 19:47:31.539 [restartedMain] INFO  org.springframework.jmx.export.annotation.AnnotationMBeanExporter - Registering beans for JMX exposure on startup
20180801 19:47:31.600 [restartedMain] INFO  org.apache.coyote.http11.Http11NioProtocol - Initializing ProtocolHandler ["http-nio-7088"]
20180801 19:47:31.638 [restartedMain] INFO  org.apache.coyote.http11.Http11NioProtocol - Starting ProtocolHandler ["http-nio-7088"]
20180801 19:47:31.680 [restartedMain] INFO  org.apache.tomcat.util.net.NioSelectorPool - Using a shared selector for servlet write/read
20180801 19:47:31.726 [restartedMain] INFO  org.springframework.boot.context.embedded.tomcat.TomcatEmbeddedServletContainer - Tomcat started on port(s): 7088 (http)
20180801 19:47:31.739 [restartedMain] INFO  jhmk.clinic.cms.ApplicationCms - Started ApplicationCms in 21.222 seconds (JVM running for 26.299)
20180801 19:47:47.588 [http-nio-7088-exec-8] INFO  org.apache.catalina.core.ContainerBase.[Tomcat].[localhost].[/] - Initializing Spring FrameworkServlet 'dispatcherServlet'
20180801 19:47:47.589 [http-nio-7088-exec-8] INFO  org.springframework.web.servlet.DispatcherServlet - FrameworkServlet 'dispatcherServlet': initialization started
20180801 19:47:47.677 [http-nio-7088-exec-8] INFO  org.springframework.web.servlet.DispatcherServlet - FrameworkServlet 'dispatcherServlet': initialization completed in 88 ms
20180801 19:47:47.872 [http-nio-7088-exec-8] INFO  org.mongodb.driver.connection - Opened connection [connectionId{localValue:2}] to 192.168.8.22:20000
20180801 19:47:56.862 [pool-3-thread-1] INFO  org.mongodb.driver.connection - Opened connection [connectionId{localValue:4}] to 192.168.8.22:20000
20180801 19:47:56.862 [pool-3-thread-8] INFO  org.mongodb.driver.connection - Opened connection [connectionId{localValue:9}] to 192.168.8.22:20000
20180801 19:47:56.862 [pool-3-thread-4] INFO  org.mongodb.driver.connection - Opened connection [connectionId{localValue:3}] to 192.168.8.22:20000
20180801 19:47:56.863 [pool-3-thread-5] INFO  org.mongodb.driver.connection - Opened connection [connectionId{localValue:6}] to 192.168.8.22:20000
20180801 19:47:56.864 [pool-3-thread-6] INFO  org.mongodb.driver.connection - Opened connection [connectionId{localValue:7}] to 192.168.8.22:20000
20180801 19:47:56.864 [pool-3-thread-3] INFO  org.mongodb.driver.connection - Opened connection [connectionId{localValue:5}] to 192.168.8.22:20000
20180801 19:47:56.871 [pool-3-thread-7] INFO  org.mongodb.driver.connection - Opened connection [connectionId{localValue:8}] to 192.168.8.22:20000
20180801 19:51:20.183 [restartedMain] INFO  jhmk.clinic.cms.ApplicationCms - Starting ApplicationCms on DESKTOP-ARC2DAD with PID 15508 (C:\jhmkProgram\cloudclinic\clinic-cms\target\classes started by 11075 in C:\jhmkProgram\cloudclinic)
20180801 19:51:20.188 [restartedMain] DEBUG jhmk.clinic.cms.ApplicationCms - Running with Spring Boot v1.5.4.RELEASE, Spring v4.3.9.RELEASE
20180801 19:51:20.188 [restartedMain] INFO  jhmk.clinic.cms.ApplicationCms - No active profile set, falling back to default profiles: default
20180801 19:51:20.294 [restartedMain] INFO  org.springframework.boot.context.embedded.AnnotationConfigEmbeddedWebApplicationContext - Refreshing org.springframework.boot.context.embedded.AnnotationConfigEmbeddedWebApplicationContext@67fd352c: startup date [Wed Aug 01 19:51:20 CST 2018]; root of context hierarchy
20180801 19:51:20.436 [background-preinit] INFO  org.hibernate.validator.internal.util.Version - HV000001: Hibernate Validator 5.3.5.Final
20180801 19:51:24.261 [restartedMain] INFO  org.springframework.boot.context.embedded.tomcat.TomcatEmbeddedServletContainer - Tomcat initialized with port(s): 7088 (http)
20180801 19:51:24.278 [restartedMain] INFO  org.apache.catalina.core.StandardService - Starting service [Tomcat]
20180801 19:51:24.279 [restartedMain] INFO  org.apache.catalina.core.StandardEngine - Starting Servlet Engine: Apache Tomcat/8.5.15
20180801 19:51:24.460 [localhost-startStop-1] INFO  org.apache.catalina.core.ContainerBase.[Tomcat].[localhost].[/] - Initializing Spring embedded WebApplicationContext
20180801 19:51:24.460 [localhost-startStop-1] INFO  org.springframework.web.context.ContextLoader - Root WebApplicationContext: initialization completed in 4166 ms
20180801 19:51:24.987 [localhost-startStop-1] INFO  org.springframework.boot.web.servlet.ServletRegistrationBean - Mapping servlet: 'dispatcherServlet' to [/]
20180801 19:51:24.998 [localhost-startStop-1] INFO  org.springframework.boot.web.servlet.FilterRegistrationBean - Mapping filter: 'characterEncodingFilter' to: [/*]
20180801 19:51:24.999 [localhost-startStop-1] INFO  org.springframework.boot.web.servlet.FilterRegistrationBean - Mapping filter: 'hiddenHttpMethodFilter' to: [/*]
20180801 19:51:24.999 [localhost-startStop-1] INFO  org.springframework.boot.web.servlet.FilterRegistrationBean - Mapping filter: 'httpPutFormContentFilter' to: [/*]
20180801 19:51:24.999 [localhost-startStop-1] INFO  org.springframework.boot.web.servlet.FilterRegistrationBean - Mapping filter: 'requestContextFilter' to: [/*]
20180801 19:51:26.902 [restartedMain] INFO  org.springframework.orm.jpa.LocalContainerEntityManagerFactoryBean - Building JPA container EntityManagerFactory for persistence unit 'default'
20180801 19:51:26.915 [restartedMain] INFO  org.hibernate.jpa.internal.util.LogHelper - HHH000204: Processing PersistenceUnitInfo [
	name: default
	...]
20180801 19:51:27.007 [restartedMain] INFO  org.hibernate.Version - HHH000412: Hibernate Core {5.0.12.Final}
20180801 19:51:27.010 [restartedMain] INFO  org.hibernate.cfg.Environment - HHH000206: hibernate.properties not found
20180801 19:51:27.013 [restartedMain] INFO  org.hibernate.cfg.Environment - HHH000021: Bytecode provider name : javassist
20180801 19:51:27.075 [restartedMain] INFO  org.hibernate.annotations.common.Version - HCANN000001: Hibernate Commons Annotations {5.0.1.Final}
20180801 19:51:27.244 [restartedMain] INFO  org.hibernate.dialect.Dialect - HHH000400: Using dialect: org.hibernate.dialect.MySQL5Dialect
20180801 19:51:28.037 [restartedMain] INFO  org.hibernate.tool.hbm2ddl.SchemaUpdate - HHH000228: Running hbm2ddl schema update
20180801 19:51:31.163 [restartedMain] INFO  org.springframework.orm.jpa.LocalContainerEntityManagerFactoryBean - Initialized JPA EntityManagerFactory for persistence unit 'default'
20180801 19:51:31.551 [restartedMain] INFO  org.hibernate.hql.internal.QueryTranslatorFactoryInitiator - HHH000397: Using ASTQueryTranslatorFactory
20180801 19:51:32.163 [restartedMain] INFO  org.mongodb.driver.cluster - Cluster created with settings {hosts=[192.168.8.22:20000], mode=SINGLE, requiredClusterType=UNKNOWN, serverSelectionTimeout='30000 ms', maxWaitQueueSize=1000}
20180801 19:51:32.310 [cluster-ClusterId{value='5b619ec46a38623c94f0a589', description='null'}-192.168.8.22:20000] INFO  org.mongodb.driver.connection - Opened connection [connectionId{localValue:1}] to 192.168.8.22:20000
20180801 19:51:32.319 [cluster-ClusterId{value='5b619ec46a38623c94f0a589', description='null'}-192.168.8.22:20000] INFO  org.mongodb.driver.cluster - Monitor thread successfully connected to server with description ServerDescription{address=192.168.8.22:20000, type=SHARD_ROUTER, state=CONNECTED, ok=true, version=ServerVersion{versionList=[3, 4, 6]}, minWireVersion=0, maxWireVersion=5, maxDocumentSize=16777216, roundTripTimeNanos=6999223}
20180801 19:51:33.193 [restartedMain] INFO  org.springframework.web.servlet.mvc.method.annotation.RequestMappingHandlerAdapter - Looking for @ControllerAdvice: org.springframework.boot.context.embedded.AnnotationConfigEmbeddedWebApplicationContext@67fd352c: startup date [Wed Aug 01 19:51:20 CST 2018]; root of context hierarchy
20180801 19:51:33.435 [restartedMain] INFO  org.springframework.web.servlet.handler.SimpleUrlHandlerMapping - Mapped URL path [/webjars/**] onto handler of type [class org.springframework.web.servlet.resource.ResourceHttpRequestHandler]
20180801 19:51:33.436 [restartedMain] INFO  org.springframework.web.servlet.handler.SimpleUrlHandlerMapping - Mapped URL path [/**] onto handler of type [class org.springframework.web.servlet.resource.ResourceHttpRequestHandler]
20180801 19:51:33.519 [restartedMain] INFO  org.springframework.web.servlet.handler.SimpleUrlHandlerMapping - Mapped URL path [/**/favicon.ico] onto handler of type [class org.springframework.web.servlet.resource.ResourceHttpRequestHandler]
20180801 19:51:34.175 [restartedMain] INFO  org.springframework.boot.devtools.autoconfigure.OptionalLiveReloadServer - LiveReload server is running on port 35729
20180801 19:51:34.416 [restartedMain] INFO  org.springframework.jmx.export.annotation.AnnotationMBeanExporter - Registering beans for JMX exposure on startup
20180801 19:51:34.443 [restartedMain] INFO  org.apache.coyote.http11.Http11NioProtocol - Initializing ProtocolHandler ["http-nio-7088"]
20180801 19:51:34.463 [restartedMain] INFO  org.apache.coyote.http11.Http11NioProtocol - Starting ProtocolHandler ["http-nio-7088"]
20180801 19:51:34.481 [restartedMain] INFO  org.apache.tomcat.util.net.NioSelectorPool - Using a shared selector for servlet write/read
20180801 19:51:34.508 [restartedMain] INFO  org.springframework.boot.context.embedded.tomcat.TomcatEmbeddedServletContainer - Tomcat started on port(s): 7088 (http)
20180801 19:51:34.517 [restartedMain] INFO  jhmk.clinic.cms.ApplicationCms - Started ApplicationCms in 15.325 seconds (JVM running for 18.401)
20180801 19:51:44.657 [http-nio-7088-exec-2] INFO  org.apache.catalina.core.ContainerBase.[Tomcat].[localhost].[/] - Initializing Spring FrameworkServlet 'dispatcherServlet'
20180801 19:51:44.659 [http-nio-7088-exec-2] INFO  org.springframework.web.servlet.DispatcherServlet - FrameworkServlet 'dispatcherServlet': initialization started
20180801 19:51:44.694 [http-nio-7088-exec-2] INFO  org.springframework.web.servlet.DispatcherServlet - FrameworkServlet 'dispatcherServlet': initialization completed in 35 ms
20180801 19:51:45.238 [http-nio-7088-exec-2] INFO  org.mongodb.driver.connection - Opened connection [connectionId{localValue:2}] to 192.168.8.22:20000
20180801 19:51:53.991 [pool-3-thread-4] INFO  org.mongodb.driver.connection - Opened connection [connectionId{localValue:3}] to 192.168.8.22:20000
20180801 19:51:53.991 [pool-3-thread-7] INFO  org.mongodb.driver.connection - Opened connection [connectionId{localValue:8}] to 192.168.8.22:20000
20180801 19:51:53.991 [pool-3-thread-5] INFO  org.mongodb.driver.connection - Opened connection [connectionId{localValue:6}] to 192.168.8.22:20000
20180801 19:51:53.991 [pool-3-thread-1] INFO  org.mongodb.driver.connection - Opened connection [connectionId{localValue:4}] to 192.168.8.22:20000
20180801 19:51:53.992 [pool-3-thread-2] INFO  org.mongodb.driver.connection - Opened connection [connectionId{localValue:5}] to 192.168.8.22:20000
20180801 19:51:53.993 [pool-3-thread-6] INFO  org.mongodb.driver.connection - Opened connection [connectionId{localValue:7}] to 192.168.8.22:20000
20180801 19:51:53.998 [pool-3-thread-8] INFO  org.mongodb.driver.connection - Opened connection [connectionId{localValue:9}] to 192.168.8.22:20000
20180801 20:02:15.503 [restartedMain] INFO  jhmk.clinic.cms.ApplicationCms - Starting ApplicationCms on DESKTOP-ARC2DAD with PID 16048 (C:\jhmkProgram\cloudclinic\clinic-cms\target\classes started by 11075 in C:\jhmkProgram\cloudclinic)
20180801 20:02:15.505 [restartedMain] DEBUG jhmk.clinic.cms.ApplicationCms - Running with Spring Boot v1.5.4.RELEASE, Spring v4.3.9.RELEASE
20180801 20:02:15.505 [restartedMain] INFO  jhmk.clinic.cms.ApplicationCms - No active profile set, falling back to default profiles: default
20180801 20:02:15.590 [restartedMain] INFO  org.springframework.boot.context.embedded.AnnotationConfigEmbeddedWebApplicationContext - Refreshing org.springframework.boot.context.embedded.AnnotationConfigEmbeddedWebApplicationContext@3548058d: startup date [Wed Aug 01 20:02:15 CST 2018]; root of context hierarchy
20180801 20:02:15.703 [background-preinit] INFO  org.hibernate.validator.internal.util.Version - HV000001: Hibernate Validator 5.3.5.Final
20180801 20:02:19.324 [restartedMain] INFO  org.springframework.boot.context.embedded.tomcat.TomcatEmbeddedServletContainer - Tomcat initialized with port(s): 7088 (http)
20180801 20:02:19.336 [restartedMain] INFO  org.apache.catalina.core.StandardService - Starting service [Tomcat]
20180801 20:02:19.337 [restartedMain] INFO  org.apache.catalina.core.StandardEngine - Starting Servlet Engine: Apache Tomcat/8.5.15
20180801 20:02:19.465 [localhost-startStop-1] INFO  org.apache.catalina.core.ContainerBase.[Tomcat].[localhost].[/] - Initializing Spring embedded WebApplicationContext
20180801 20:02:19.465 [localhost-startStop-1] INFO  org.springframework.web.context.ContextLoader - Root WebApplicationContext: initialization completed in 3875 ms
20180801 20:02:19.710 [localhost-startStop-1] INFO  org.springframework.boot.web.servlet.ServletRegistrationBean - Mapping servlet: 'dispatcherServlet' to [/]
20180801 20:02:19.719 [localhost-startStop-1] INFO  org.springframework.boot.web.servlet.FilterRegistrationBean - Mapping filter: 'characterEncodingFilter' to: [/*]
20180801 20:02:19.720 [localhost-startStop-1] INFO  org.springframework.boot.web.servlet.FilterRegistrationBean - Mapping filter: 'hiddenHttpMethodFilter' to: [/*]
20180801 20:02:19.720 [localhost-startStop-1] INFO  org.springframework.boot.web.servlet.FilterRegistrationBean - Mapping filter: 'httpPutFormContentFilter' to: [/*]
20180801 20:02:19.720 [localhost-startStop-1] INFO  org.springframework.boot.web.servlet.FilterRegistrationBean - Mapping filter: 'requestContextFilter' to: [/*]
20180801 20:02:22.215 [restartedMain] INFO  org.springframework.orm.jpa.LocalContainerEntityManagerFactoryBean - Building JPA container EntityManagerFactory for persistence unit 'default'
20180801 20:02:22.249 [restartedMain] INFO  org.hibernate.jpa.internal.util.LogHelper - HHH000204: Processing PersistenceUnitInfo [
	name: default
	...]
20180801 20:02:22.361 [restartedMain] INFO  org.hibernate.Version - HHH000412: Hibernate Core {5.0.12.Final}
20180801 20:02:22.365 [restartedMain] INFO  org.hibernate.cfg.Environment - HHH000206: hibernate.properties not found
20180801 20:02:22.366 [restartedMain] INFO  org.hibernate.cfg.Environment - HHH000021: Bytecode provider name : javassist
20180801 20:02:22.431 [restartedMain] INFO  org.hibernate.annotations.common.Version - HCANN000001: Hibernate Commons Annotations {5.0.1.Final}
20180801 20:02:22.610 [restartedMain] INFO  org.hibernate.dialect.Dialect - HHH000400: Using dialect: org.hibernate.dialect.MySQL5Dialect
20180801 20:02:23.362 [restartedMain] INFO  org.hibernate.tool.hbm2ddl.SchemaUpdate - HHH000228: Running hbm2ddl schema update
20180801 20:02:26.468 [restartedMain] INFO  org.springframework.orm.jpa.LocalContainerEntityManagerFactoryBean - Initialized JPA EntityManagerFactory for persistence unit 'default'
20180801 20:02:26.849 [restartedMain] INFO  org.hibernate.hql.internal.QueryTranslatorFactoryInitiator - HHH000397: Using ASTQueryTranslatorFactory
20180801 20:02:27.538 [restartedMain] INFO  org.mongodb.driver.cluster - Cluster created with settings {hosts=[192.168.8.22:20000], mode=SINGLE, requiredClusterType=UNKNOWN, serverSelectionTimeout='30000 ms', maxWaitQueueSize=1000}
20180801 20:02:27.745 [cluster-ClusterId{value='5b61a1536a38623eb001b5a1', description='null'}-192.168.8.22:20000] INFO  org.mongodb.driver.connection - Opened connection [connectionId{localValue:1}] to 192.168.8.22:20000
20180801 20:02:27.755 [cluster-ClusterId{value='5b61a1536a38623eb001b5a1', description='null'}-192.168.8.22:20000] INFO  org.mongodb.driver.cluster - Monitor thread successfully connected to server with description ServerDescription{address=192.168.8.22:20000, type=SHARD_ROUTER, state=CONNECTED, ok=true, version=ServerVersion{versionList=[3, 4, 6]}, minWireVersion=0, maxWireVersion=5, maxDocumentSize=16777216, roundTripTimeNanos=6443423}
20180801 20:02:27.949 [restartedMain] INFO  org.mongodb.driver.connection - Opened connection [connectionId{localValue:2}] to 192.168.8.22:20000
20180801 20:02:56.496 [restartedMain] INFO  jhmk.clinic.cms.ApplicationCms - Starting ApplicationCms on DESKTOP-ARC2DAD with PID 15856 (C:\jhmkProgram\cloudclinic\clinic-cms\target\classes started by 11075 in C:\jhmkProgram\cloudclinic)
20180801 20:02:56.498 [restartedMain] DEBUG jhmk.clinic.cms.ApplicationCms - Running with Spring Boot v1.5.4.RELEASE, Spring v4.3.9.RELEASE
20180801 20:02:56.498 [restartedMain] INFO  jhmk.clinic.cms.ApplicationCms - No active profile set, falling back to default profiles: default
20180801 20:02:56.599 [restartedMain] INFO  org.springframework.boot.context.embedded.AnnotationConfigEmbeddedWebApplicationContext - Refreshing org.springframework.boot.context.embedded.AnnotationConfigEmbeddedWebApplicationContext@2d54f406: startup date [Wed Aug 01 20:02:56 CST 2018]; root of context hierarchy
20180801 20:02:56.734 [background-preinit] INFO  org.hibernate.validator.internal.util.Version - HV000001: Hibernate Validator 5.3.5.Final
20180801 20:03:00.140 [restartedMain] INFO  org.springframework.boot.context.embedded.tomcat.TomcatEmbeddedServletContainer - Tomcat initialized with port(s): 7088 (http)
20180801 20:03:00.153 [restartedMain] INFO  org.apache.catalina.core.StandardService - Starting service [Tomcat]
20180801 20:03:00.154 [restartedMain] INFO  org.apache.catalina.core.StandardEngine - Starting Servlet Engine: Apache Tomcat/8.5.15
20180801 20:03:00.293 [localhost-startStop-1] INFO  org.apache.catalina.core.ContainerBase.[Tomcat].[localhost].[/] - Initializing Spring embedded WebApplicationContext
20180801 20:03:00.294 [localhost-startStop-1] INFO  org.springframework.web.context.ContextLoader - Root WebApplicationContext: initialization completed in 3695 ms
20180801 20:03:00.533 [localhost-startStop-1] INFO  org.springframework.boot.web.servlet.ServletRegistrationBean - Mapping servlet: 'dispatcherServlet' to [/]
20180801 20:03:00.539 [localhost-startStop-1] INFO  org.springframework.boot.web.servlet.FilterRegistrationBean - Mapping filter: 'characterEncodingFilter' to: [/*]
20180801 20:03:00.540 [localhost-startStop-1] INFO  org.springframework.boot.web.servlet.FilterRegistrationBean - Mapping filter: 'hiddenHttpMethodFilter' to: [/*]
20180801 20:03:00.540 [localhost-startStop-1] INFO  org.springframework.boot.web.servlet.FilterRegistrationBean - Mapping filter: 'httpPutFormContentFilter' to: [/*]
20180801 20:03:00.540 [localhost-startStop-1] INFO  org.springframework.boot.web.servlet.FilterRegistrationBean - Mapping filter: 'requestContextFilter' to: [/*]
20180801 20:03:02.923 [restartedMain] INFO  org.springframework.orm.jpa.LocalContainerEntityManagerFactoryBean - Building JPA container EntityManagerFactory for persistence unit 'default'
20180801 20:03:02.936 [restartedMain] INFO  org.hibernate.jpa.internal.util.LogHelper - HHH000204: Processing PersistenceUnitInfo [
	name: default
	...]
20180801 20:03:03.020 [restartedMain] INFO  org.hibernate.Version - HHH000412: Hibernate Core {5.0.12.Final}
20180801 20:03:03.023 [restartedMain] INFO  org.hibernate.cfg.Environment - HHH000206: hibernate.properties not found
20180801 20:03:03.026 [restartedMain] INFO  org.hibernate.cfg.Environment - HHH000021: Bytecode provider name : javassist
20180801 20:03:03.085 [restartedMain] INFO  org.hibernate.annotations.common.Version - HCANN000001: Hibernate Commons Annotations {5.0.1.Final}
20180801 20:03:03.261 [restartedMain] INFO  org.hibernate.dialect.Dialect - HHH000400: Using dialect: org.hibernate.dialect.MySQL5Dialect
20180801 20:03:04.002 [restartedMain] INFO  org.hibernate.tool.hbm2ddl.SchemaUpdate - HHH000228: Running hbm2ddl schema update
20180801 20:03:07.200 [restartedMain] INFO  org.springframework.orm.jpa.LocalContainerEntityManagerFactoryBean - Initialized JPA EntityManagerFactory for persistence unit 'default'
20180801 20:03:07.599 [restartedMain] INFO  org.hibernate.hql.internal.QueryTranslatorFactoryInitiator - HHH000397: Using ASTQueryTranslatorFactory
20180801 20:03:08.151 [restartedMain] INFO  org.mongodb.driver.cluster - Cluster created with settings {hosts=[192.168.8.22:20000], mode=SINGLE, requiredClusterType=UNKNOWN, serverSelectionTimeout='30000 ms', maxWaitQueueSize=1000}
20180801 20:03:08.273 [cluster-ClusterId{value='5b61a17c6a38623df097d596', description='null'}-192.168.8.22:20000] INFO  org.mongodb.driver.connection - Opened connection [connectionId{localValue:1}] to 192.168.8.22:20000
20180801 20:03:08.281 [cluster-ClusterId{value='5b61a17c6a38623df097d596', description='null'}-192.168.8.22:20000] INFO  org.mongodb.driver.cluster - Monitor thread successfully connected to server with description ServerDescription{address=192.168.8.22:20000, type=SHARD_ROUTER, state=CONNECTED, ok=true, version=ServerVersion{versionList=[3, 4, 6]}, minWireVersion=0, maxWireVersion=5, maxDocumentSize=16777216, roundTripTimeNanos=6113417}
20180801 20:03:08.940 [restartedMain] INFO  org.springframework.web.servlet.mvc.method.annotation.RequestMappingHandlerAdapter - Looking for @ControllerAdvice: org.springframework.boot.context.embedded.AnnotationConfigEmbeddedWebApplicationContext@2d54f406: startup date [Wed Aug 01 20:02:56 CST 2018]; root of context hierarchy
20180801 20:03:09.096 [restartedMain] INFO  org.springframework.web.servlet.handler.SimpleUrlHandlerMapping - Mapped URL path [/webjars/**] onto handler of type [class org.springframework.web.servlet.resource.ResourceHttpRequestHandler]
20180801 20:03:09.096 [restartedMain] INFO  org.springframework.web.servlet.handler.SimpleUrlHandlerMapping - Mapped URL path [/**] onto handler of type [class org.springframework.web.servlet.resource.ResourceHttpRequestHandler]
20180801 20:03:09.167 [restartedMain] INFO  org.springframework.web.servlet.handler.SimpleUrlHandlerMapping - Mapped URL path [/**/favicon.ico] onto handler of type [class org.springframework.web.servlet.resource.ResourceHttpRequestHandler]
20180801 20:03:09.628 [restartedMain] INFO  org.springframework.boot.devtools.autoconfigure.OptionalLiveReloadServer - LiveReload server is running on port 35729
20180801 20:03:09.769 [restartedMain] INFO  org.springframework.jmx.export.annotation.AnnotationMBeanExporter - Registering beans for JMX exposure on startup
20180801 20:03:09.787 [restartedMain] INFO  org.apache.coyote.http11.Http11NioProtocol - Initializing ProtocolHandler ["http-nio-7088"]
20180801 20:03:09.801 [restartedMain] INFO  org.apache.coyote.http11.Http11NioProtocol - Starting ProtocolHandler ["http-nio-7088"]
20180801 20:03:09.815 [restartedMain] INFO  org.apache.tomcat.util.net.NioSelectorPool - Using a shared selector for servlet write/read
20180801 20:03:09.840 [restartedMain] INFO  org.springframework.boot.context.embedded.tomcat.TomcatEmbeddedServletContainer - Tomcat started on port(s): 7088 (http)
20180801 20:03:09.852 [restartedMain] INFO  jhmk.clinic.cms.ApplicationCms - Started ApplicationCms in 14.48 seconds (JVM running for 16.457)
20180801 20:03:37.468 [Thread-37] INFO  org.springframework.boot.context.embedded.AnnotationConfigEmbeddedWebApplicationContext - Closing org.springframework.boot.context.embedded.AnnotationConfigEmbeddedWebApplicationContext@2d54f406: startup date [Wed Aug 01 20:02:56 CST 2018]; root of context hierarchy
20180801 20:03:37.471 [Thread-37] INFO  org.springframework.jmx.export.annotation.AnnotationMBeanExporter - Unregistering JMX-exposed beans on shutdown
20180801 20:03:37.475 [Thread-37] INFO  org.springframework.orm.jpa.LocalContainerEntityManagerFactoryBean - Closing JPA EntityManagerFactory for persistence unit 'default'
20180801 20:03:38.645 [restartedMain] INFO  jhmk.clinic.cms.ApplicationCms - Starting ApplicationCms on DESKTOP-ARC2DAD with PID 15856 (C:\jhmkProgram\cloudclinic\clinic-cms\target\classes started by 11075 in C:\jhmkProgram\cloudclinic)
20180801 20:03:38.645 [restartedMain] DEBUG jhmk.clinic.cms.ApplicationCms - Running with Spring Boot v1.5.4.RELEASE, Spring v4.3.9.RELEASE
20180801 20:03:38.645 [restartedMain] INFO  jhmk.clinic.cms.ApplicationCms - No active profile set, falling back to default profiles: default
20180801 20:03:38.654 [restartedMain] INFO  org.springframework.boot.context.embedded.AnnotationConfigEmbeddedWebApplicationContext - Refreshing org.springframework.boot.context.embedded.AnnotationConfigEmbeddedWebApplicationContext@6f569d8: startup date [Wed Aug 01 20:03:38 CST 2018]; root of context hierarchy
20180801 20:03:42.744 [restartedMain] INFO  org.springframework.boot.context.embedded.tomcat.TomcatEmbeddedServletContainer - Tomcat initialized with port(s): 7088 (http)
20180801 20:03:42.746 [restartedMain] INFO  org.apache.catalina.core.StandardService - Starting service [Tomcat]
20180801 20:03:42.747 [restartedMain] INFO  org.apache.catalina.core.StandardEngine - Starting Servlet Engine: Apache Tomcat/8.5.15
20180801 20:03:42.787 [localhost-startStop-1] INFO  org.apache.catalina.core.ContainerBase.[Tomcat].[localhost].[/] - Initializing Spring embedded WebApplicationContext
20180801 20:03:42.787 [localhost-startStop-1] INFO  org.springframework.web.context.ContextLoader - Root WebApplicationContext: initialization completed in 4133 ms
20180801 20:03:42.851 [localhost-startStop-1] INFO  org.springframework.boot.web.servlet.ServletRegistrationBean - Mapping servlet: 'dispatcherServlet' to [/]
20180801 20:03:42.852 [localhost-startStop-1] INFO  org.springframework.boot.web.servlet.FilterRegistrationBean - Mapping filter: 'characterEncodingFilter' to: [/*]
20180801 20:03:42.852 [localhost-startStop-1] INFO  org.springframework.boot.web.servlet.FilterRegistrationBean - Mapping filter: 'hiddenHttpMethodFilter' to: [/*]
20180801 20:03:42.853 [localhost-startStop-1] INFO  org.springframework.boot.web.servlet.FilterRegistrationBean - Mapping filter: 'httpPutFormContentFilter' to: [/*]
20180801 20:03:42.853 [localhost-startStop-1] INFO  org.springframework.boot.web.servlet.FilterRegistrationBean - Mapping filter: 'requestContextFilter' to: [/*]
20180801 20:03:44.636 [restartedMain] INFO  org.springframework.orm.jpa.LocalContainerEntityManagerFactoryBean - Building JPA container EntityManagerFactory for persistence unit 'default'
20180801 20:03:44.636 [restartedMain] INFO  org.hibernate.jpa.internal.util.LogHelper - HHH000204: Processing PersistenceUnitInfo [
	name: default
	...]
20180801 20:03:44.664 [restartedMain] INFO  org.hibernate.dialect.Dialect - HHH000400: Using dialect: org.hibernate.dialect.MySQL5Dialect
20180801 20:03:44.683 [restartedMain] INFO  org.hibernate.tool.hbm2ddl.SchemaUpdate - HHH000228: Running hbm2ddl schema update
20180801 20:03:44.704 [restartedMain] INFO  org.springframework.orm.jpa.LocalContainerEntityManagerFactoryBean - Initialized JPA EntityManagerFactory for persistence unit 'default'
20180801 20:03:44.754 [restartedMain] WARN  org.springframework.boot.context.embedded.AnnotationConfigEmbeddedWebApplicationContext - Exception encountered during context initialization - cancelling refresh attempt: org.springframework.beans.factory.UnsatisfiedDependencyException: Error creating bean with name 'cdssController': Unsatisfied dependency expressed through field 'sysDiseasesRepository'; nested exception is org.springframework.beans.factory.NoSuchBeanDefinitionException: No qualifying bean of type 'jhmk.clinic.entity.pojo.repository.SysDiseasesRepository' available: expected at least 1 bean which qualifies as autowire candidate. Dependency annotations: {@org.springframework.beans.factory.annotation.Autowired(required=true)}
20180801 20:03:44.754 [restartedMain] INFO  org.springframework.orm.jpa.LocalContainerEntityManagerFactoryBean - Closing JPA EntityManagerFactory for persistence unit 'default'
20180801 20:03:44.757 [restartedMain] INFO  org.apache.catalina.core.StandardService - Stopping service [Tomcat]
20180801 20:03:44.776 [restartedMain] INFO  org.springframework.boot.autoconfigure.logging.AutoConfigurationReportLoggingInitializer - 

Error starting ApplicationContext. To display the auto-configuration report re-run your application with 'debug' enabled.
20180801 20:03:45.415 [restartedMain] ERROR org.springframework.boot.diagnostics.LoggingFailureAnalysisReporter - 

***************************
APPLICATION FAILED TO START
***************************

Description:

Field sysDiseasesRepository in jhmk.clinic.cms.controller.cdss.CdssController required a bean of type 'jhmk.clinic.entity.pojo.repository.SysDiseasesRepository' that could not be found.


Action:

Consider defining a bean of type 'jhmk.clinic.entity.pojo.repository.SysDiseasesRepository' in your configuration.

